PROJECT_DIR: /mnt/c/Users/spano/Documents/GitHub/manually-verified-reentrancy-dataset/dataset/handcrafted/0_5/cross-contract/create
CONTRACT: /mnt/c/Users/spano/Documents/GitHub/manually-verified-reentrancy-dataset/dataset/handcrafted/0_5/cross-contract/create/Create_safe1.sol
IMAGE: holmessherlock/sailfish:latest
COMMAND: docker run --rm --platform linux/amd64 -v /mnt/c/Users/spano/Documents/GitHub/manually-verified-reentrancy-dataset/dataset/handcrafted/0_5/cross-contract/create:/workspace -v /mnt/c/Users/spano/Documents/GitHub/manually-verified-reentrancy-dataset/tools_analysis/non_smartbugs/sailfish/results_0_5/create/Create_safe1:/out -w / --entrypoint /bin/bash holmessherlock/sailfish:latest -lc '\
set -Eeuo pipefail

# 1) Locate Sailfish
SCRIPT=""
for p in /sailfish/code/static_analysis/analysis/contractlint.py \
         /root/sailfish/code/static_analysis/analysis/contractlint.py \
         /opt/sailfish/code/static_analysis/analysis/contractlint.py; do
  [ -f "$p" ] && SCRIPT="$p" && break
done
[ -z "$SCRIPT" ] && echo "ERROR: contractlint.py not found" >&2 && exit 2

# 2) Find python
PYBIN="python3"; command -v python3 >/dev/null 2>&1 || PYBIN="python"

# 3) Run Sailfish from its directory
SRCDIR="$(dirname "$SCRIPT")"
cd "$SRCDIR"
export PYTHONPATH="${SRCDIR}:${PYTHONPATH-}"

# 4) Execute analysis
set +e
$PYBIN contractlint.py \
  -c /workspace/Create_safe1.sol \
  -o /out \
  -r range \
  -p DAO,TOD \
  -sv cvc4 \
  -oo 2>&1 | tee /tmp/sf.out
RC=${PIPESTATUS[0]}
set -e
exit $RC
'
MODE: range
POLICIES: DAO,TOD
SOLVER: cvc4
OUT_SUBDIR: /mnt/c/Users/spano/Documents/GitHub/manually-verified-reentrancy-dataset/tools_analysis/non_smartbugs/sailfish/results_0_5/create/Create_safe1
STATUS: success
RETURN_CODE: 0
ELAPSED_SECONDS: 2.63
PRAGMA_SPECS: ^0.5.0

=== CONTAINER OUTPUT ===
mesg: ttyname failed: Inappropriate ioctl for device
[INFO] | 2025-11-09 11:20:44 AM | analyzer.Create_safe1 | Analysis started at: 2025-11-09 11:20:44 AM
[INFO] | 2025-11-09 11:20:44 AM | analyzer.Create_safe1 | Version constraints: ['^0.5.0']
[INFO] | 2025-11-09 11:20:44 AM | analyzer.Create_safe1 | solc version: v0.5.0
[INFO] | 2025-11-09 11:20:44 AM | analyzer.Create_safe1 | Callgraph generation started!
[INFO] | 2025-11-09 11:20:44 AM | analyzer.Create_safe1 | Callgraph generation finished!
[INFO] | 2025-11-09 11:20:44 AM | analyzer.Create_safe1 | Interprocedural CFG generation started!
[INFO] | 2025-11-09 11:20:44 AM | analyzer.Create_safe1 | Interprocedural CFG generation finished!
[INFO] | 2025-11-09 11:20:44 AM | analyzer.Create_safe1 | Storage dependency graph generation started!
[INFO] | 2025-11-09 11:20:44 AM | analyzer.Create_safe1 | Storage dependency graph generation finished!
[INFO] | 2025-11-09 11:20:44 AM | analyzer.Create_safe1 | Value Range Analysis started
[INFO] | 2025-11-09 11:20:44 AM | analyzer.Create_safe1 | Generating return summary for deploy_and_transfer
[INFO] | 2025-11-09 11:20:44 AM | analyzer.Create_safe1 | Return summary generated for deploy_and_transfer
[INFO] | 2025-11-09 11:20:44 AM | analyzer.Create_safe1 | Range graph generated
[INFO] | 2025-11-09 11:20:44 AM | analyzer.Create_safe1 | Processed function deploy_and_transfer
[INFO] | 2025-11-09 11:20:44 AM | analyzer.Create_safe1 | Generating return summary for deposit
[INFO] | 2025-11-09 11:20:44 AM | analyzer.Create_safe1 | Return summary generated for deposit
[INFO] | 2025-11-09 11:20:44 AM | analyzer.Create_safe1 | Range graph generated
[INFO] | 2025-11-09 11:20:44 AM | analyzer.Create_safe1 | Processed function deposit
[INFO] | 2025-11-09 11:20:44 AM | analyzer.Create_safe1 | Value Range Analysis took 0.003047 seconds
[INFO] | 2025-11-09 11:20:44 AM | analyzer.Create_safe1 | Value Range Analysis finished
[INFO] | 2025-11-09 11:20:44 AM | analyzer.Create_safe1 | Storage dependency graph compostion started!
[INFO] | 2025-11-09 11:20:44 AM | analyzer.Create_safe1 | Storage dependency graph compostion finished!
[INFO] | 2025-11-09 11:20:44 AM | analyzer.Create_safe1 | Dependency detection started!
[INFO] | 2025-11-09 11:20:44 AM | analyzer.Create_safe1 | Dependency detection finished!
[INFO] | 2025-11-09 11:20:44 AM | analyzer.Create_safe1 | Static Analysis took 0.149031 seconds
[INFO] | 2025-11-09 11:20:44 AM | analyzer.Create_safe1 | Dependency does not exist
[INFO] | 2025-11-09 11:20:44 AM | analyzer.Create_safe1 | Symbolic execution is not needed!
[INFO] | 2025-11-09 11:20:44 AM | analyzer.Create_safe1 | Analysis finished!
[INFO] | 2025-11-09 11:20:44 AM | analyzer.Create_safe1 | Analysis took 0.150437 seconds
[INFO] | 2025-11-09 11:20:44 AM | analyzer.Create_safe1 | Analysis finished at: 2025-11-09 11:20:44 AM
[36m[#] Analysing started: Create_safe1.sol[0m
[36m[#] Interprocedural CFG generation started for deploy_and_transfer[0m
[36m[#] Interprocedural CFG generated for deploy_and_transfer[0m
[36m[#] Interprocedural CFG generation started for deposit[0m
[36m[#] Interprocedural CFG generated for deposit[0m
[36m[#] SDG generation started for deploy_and_transfer[0m
[36m[#] SDG generated for deploy_and_transfer[0m
[36m[#] SDG generation started for deposit[0m
[36m[#] SDG generated for deposit[0m
[36m[#] Analysis took 0.150437 seconds[0m
[36m[#] Analysis completed: Create_safe1.sol [0m
