PROJECT_DIR: /mnt/c/Users/spano/Documents/GitHub/manually-verified-reentrancy-dataset/dataset/handcrafted/0_5/cross-contract/access-control/human
CONTRACT: /mnt/c/Users/spano/Documents/GitHub/manually-verified-reentrancy-dataset/dataset/handcrafted/0_5/cross-contract/access-control/human/Human_safe1.sol
IMAGE: holmessherlock/sailfish:latest
COMMAND: docker run --rm --platform linux/amd64 -v /mnt/c/Users/spano/Documents/GitHub/manually-verified-reentrancy-dataset/dataset/handcrafted/0_5/cross-contract/access-control/human:/workspace -v /mnt/c/Users/spano/Documents/GitHub/manually-verified-reentrancy-dataset/tools_analysis/non_smartbugs/sailfish/results_0_5/human/Human_safe1:/out -w / --entrypoint /bin/bash holmessherlock/sailfish:latest -lc '\
set -Eeuo pipefail

# 1) Locate Sailfish
SCRIPT=""
for p in /sailfish/code/static_analysis/analysis/contractlint.py \
         /root/sailfish/code/static_analysis/analysis/contractlint.py \
         /opt/sailfish/code/static_analysis/analysis/contractlint.py; do
  [ -f "$p" ] && SCRIPT="$p" && break
done
[ -z "$SCRIPT" ] && echo "ERROR: contractlint.py not found" >&2 && exit 2

# 2) Find python
PYBIN="python3"; command -v python3 >/dev/null 2>&1 || PYBIN="python"

# 3) Run Sailfish from its directory
SRCDIR="$(dirname "$SCRIPT")"
cd "$SRCDIR"
export PYTHONPATH="${SRCDIR}:${PYTHONPATH-}"

# 4) Execute analysis
set +e
$PYBIN contractlint.py \
  -c /workspace/Human_safe1.sol \
  -o /out \
  -r range \
  -p DAO,TOD \
  -sv cvc4 \
  -oo 2>&1 | tee /tmp/sf.out
RC=${PIPESTATUS[0]}
set -e
exit $RC
'
MODE: range
POLICIES: DAO,TOD
SOLVER: cvc4
OUT_SUBDIR: /mnt/c/Users/spano/Documents/GitHub/manually-verified-reentrancy-dataset/tools_analysis/non_smartbugs/sailfish/results_0_5/human/Human_safe1
STATUS: success
RETURN_CODE: 1
ELAPSED_SECONDS: 2.69
PRAGMA_SPECS: ^0.5.0

=== CONTAINER OUTPUT ===
mesg: ttyname failed: Inappropriate ioctl for device
[INFO] | 2025-11-09 11:20:38 AM | analyzer.Human_safe1 | Analysis started at: 2025-11-09 11:20:38 AM
[INFO] | 2025-11-09 11:20:38 AM | analyzer.Human_safe1 | Version constraints: ['^0.5.0']
[INFO] | 2025-11-09 11:20:38 AM | analyzer.Human_safe1 | solc version: v0.5.0
[INFO] | 2025-11-09 11:20:38 AM | analyzer.Human_safe1 | Callgraph generation started!
[INFO] | 2025-11-09 11:20:38 AM | analyzer.Human_safe1 | Callgraph generation finished!
[INFO] | 2025-11-09 11:20:38 AM | analyzer.Human_safe1 | Interprocedural CFG generation started!
[INFO] | 2025-11-09 11:20:38 AM | analyzer.Human_safe1 | Interprocedural CFG generation finished!
[INFO] | 2025-11-09 11:20:38 AM | analyzer.Human_safe1 | Storage dependency graph generation started!
[INFO] | 2025-11-09 11:20:38 AM | analyzer.Human_safe1 | Storage dependency graph generation finished!
[INFO] | 2025-11-09 11:20:38 AM | analyzer.Human_safe1 | Value Range Analysis started
[INFO] | 2025-11-09 11:20:38 AM | analyzer.Human_safe1 | Generating return summary for setAllowance
[INFO] | 2025-11-09 11:20:38 AM | analyzer.Human_safe1 | Return summary generated for setAllowance
[INFO] | 2025-11-09 11:20:38 AM | analyzer.Human_safe1 | Range graph generated
[INFO] | 2025-11-09 11:20:38 AM | analyzer.Human_safe1 | Processed function setAllowance
[INFO] | 2025-11-09 11:20:38 AM | analyzer.Human_safe1 | Generating return summary for isHuman
[INFO] | 2025-11-09 11:20:38 AM | analyzer.Human_safe1 | Return summary generated for isHuman
[INFO] | 2025-11-09 11:20:38 AM | analyzer.Human_safe1 | State variable assignement do not exist
[INFO] | 2025-11-09 11:20:38 AM | analyzer.Human_safe1 | Processed function isHuman
[INFO] | 2025-11-09 11:20:38 AM | analyzer.Human_safe1 | Generating return summary for bid
[INFO] | 2025-11-09 11:20:38 AM | analyzer.Human_safe1 | Return summary generated for bid
[INFO] | 2025-11-09 11:20:38 AM | analyzer.Human_safe1 | Range graph generated
[INFO] | 2025-11-09 11:20:38 AM | analyzer.Human_safe1 | Processed function bid
[INFO] | 2025-11-09 11:20:38 AM | analyzer.Human_safe1 | Generating return summary for transferFrom
[INFO] | 2025-11-09 11:20:38 AM | analyzer.Human_safe1 | Return summary generated for transferFrom
Traceback (most recent call last):
  File "contractlint.py", line 96, in analyze_contracts
    generated_vrg = VRG(slither_obj, callgraph, sdg_objects, target_contracts, graph_dir, dump_graph, log)
  File "/root/sailfish/code/static_analysis/analysis/range_graph.py", line 74, in __init__
    self.setup()
  File "/root/sailfish/code/static_analysis/analysis/range_graph.py", line 162, in setup
    self.process_bottom_up(leaf_nodes, self.callgraph._callgraph)
  File "/root/sailfish/code/static_analysis/analysis/range_graph.py", line 194, in process_bottom_up
    self.process_nonleaf_functions(cfg_obj)
  File "/root/sailfish/code/static_analysis/analysis/range_graph.py", line 265, in process_nonleaf_functions
    self.generate_range_graph(cfg_obj, parameters, return_values)
  File "/root/sailfish/code/static_analysis/analysis/range_graph.py", line 324, in generate_range_graph
    self.process_statevar_assignment(cfg_obj, parameters, return_values)
  File "/root/sailfish/code/static_analysis/analysis/range_graph.py", line 607, in process_statevar_assignment
    self.collect_conditional_pre_dominators(container_bb, cfg_obj, graph[0], graph[1], parameters)
  File "/root/sailfish/code/static_analysis/analysis/range_graph.py", line 444, in collect_conditional_pre_dominators
    range_node = RangeNode(s_lvar, parent, 'true', '==')
  File "/root/sailfish/code/static_analysis/analysis/range_node.py", line 31, in __init__
    self.setup()
  File "/root/sailfish/code/static_analysis/analysis/range_node.py", line 80, in setup
    left_expression = self.process_value_expressions(self._variable)
  File "/root/sailfish/code/static_analysis/analysis/range_node.py", line 295, in process_value_expressions
    assert real_count_or == right_count_or, "ORed count does not match, debug!"
AssertionError: ORed count does not match, debug!
[36m[#] Analysing started: Human_safe1.sol[0m
[36m[#] Interprocedural CFG generation started for modifier isHuman[0m
[36m[#] Interprocedural CFG generated for modifer isHuman[0m
[36m[#] Interprocedural CFG generation started for bid[0m
[36m[#] Interprocedural CFG generated for bid[0m
[36m[#] Interprocedural CFG generation started for transfer[0m
[36m[#] Interprocedural CFG generated for transfer[0m
[36m[#] Interprocedural CFG generation started for setAllowance[0m
[36m[#] Interprocedural CFG generated for setAllowance[0m
[36m[#] Interprocedural CFG generation started for transferFrom[0m
[36m[#] Interprocedural CFG generated for transferFrom[0m
[36m[#] SDG generation started for bid[0m
[36m[#] SDG generated for bid[0m
[36m[#] SDG generation started for transfer[0m
[36m[#] SDG generated for transfer[0m
[36m[#] SDG generation started for setAllowance[0m
[36m[#] SDG generated for setAllowance[0m
[36m[#] SDG generation started for transferFrom[0m
[36m[#] SDG generated for transferFrom[0m
[36m[#] SDG generation started for modifier isHuman[0m
[36m[#] SDG generated for modifier isHuman[0m
