PROJECT_DIR: /mnt/c/Users/spano/Documents/GitHub/manually-verified-reentrancy-dataset/dataset/handcrafted/0_5/cross-contract/read-only
CONTRACT: /mnt/c/Users/spano/Documents/GitHub/manually-verified-reentrancy-dataset/dataset/handcrafted/0_5/cross-contract/read-only/ReadOnlyStaticcall_safe1.sol
IMAGE: holmessherlock/sailfish:latest
COMMAND: docker run --rm --platform linux/amd64 -v /mnt/c/Users/spano/Documents/GitHub/manually-verified-reentrancy-dataset/dataset/handcrafted/0_5/cross-contract/read-only:/workspace -v /mnt/c/Users/spano/Documents/GitHub/manually-verified-reentrancy-dataset/tools_analysis/non_smartbugs/sailfish/results_0_5/read-only/ReadOnlyStaticcall_safe1:/out -w / --entrypoint /bin/bash holmessherlock/sailfish:latest -lc '\
set -Eeuo pipefail

# 1) Locate Sailfish
SCRIPT=""
for p in /sailfish/code/static_analysis/analysis/contractlint.py \
         /root/sailfish/code/static_analysis/analysis/contractlint.py \
         /opt/sailfish/code/static_analysis/analysis/contractlint.py; do
  [ -f "$p" ] && SCRIPT="$p" && break
done
[ -z "$SCRIPT" ] && echo "ERROR: contractlint.py not found" >&2 && exit 2

# 2) Find python
PYBIN="python3"; command -v python3 >/dev/null 2>&1 || PYBIN="python"

# 3) Run Sailfish from its directory
SRCDIR="$(dirname "$SCRIPT")"
cd "$SRCDIR"
export PYTHONPATH="${SRCDIR}:${PYTHONPATH-}"

# 4) Execute analysis
set +e
$PYBIN contractlint.py \
  -c /workspace/ReadOnlyStaticcall_safe1.sol \
  -o /out \
  -r range \
  -p DAO,TOD \
  -sv cvc4 \
  -oo 2>&1 | tee /tmp/sf.out
RC=${PIPESTATUS[0]}
set -e
exit $RC
'
MODE: range
POLICIES: DAO,TOD
SOLVER: cvc4
OUT_SUBDIR: /mnt/c/Users/spano/Documents/GitHub/manually-verified-reentrancy-dataset/tools_analysis/non_smartbugs/sailfish/results_0_5/read-only/ReadOnlyStaticcall_safe1
STATUS: success
RETURN_CODE: 1
ELAPSED_SECONDS: 2.69
PRAGMA_SPECS: ^0.5.0

=== CONTAINER OUTPUT ===
mesg: ttyname failed: Inappropriate ioctl for device
[INFO] | 2025-11-09 11:20:46 AM | analyzer.ReadOnlyStaticcall_safe1 | Analysis started at: 2025-11-09 11:20:46 AM
[INFO] | 2025-11-09 11:20:46 AM | analyzer.ReadOnlyStaticcall_safe1 | Version constraints: ['^0.5.0']
[INFO] | 2025-11-09 11:20:46 AM | analyzer.ReadOnlyStaticcall_safe1 | solc version: v0.5.0
[INFO] | 2025-11-09 11:20:46 AM | analyzer.ReadOnlyStaticcall_safe1 | Callgraph generation started!
[INFO] | 2025-11-09 11:20:46 AM | analyzer.ReadOnlyStaticcall_safe1 | Callgraph generation finished!
[INFO] | 2025-11-09 11:20:46 AM | analyzer.ReadOnlyStaticcall_safe1 | Interprocedural CFG generation started!
[INFO] | 2025-11-09 11:20:46 AM | analyzer.ReadOnlyStaticcall_safe1 | Interprocedural CFG generation finished!
[INFO] | 2025-11-09 11:20:46 AM | analyzer.ReadOnlyStaticcall_safe1 | Storage dependency graph generation started!
[INFO] | 2025-11-09 11:20:46 AM | analyzer.ReadOnlyStaticcall_safe1 | Storage dependency graph generation finished!
[INFO] | 2025-11-09 11:20:46 AM | analyzer.ReadOnlyStaticcall_safe1 | Value Range Analysis started
[INFO] | 2025-11-09 11:20:46 AM | analyzer.ReadOnlyStaticcall_safe1 | Generating return summary for getRandom
[INFO] | 2025-11-09 11:20:46 AM | analyzer.ReadOnlyStaticcall_safe1 | Return summary generated for getRandom
[INFO] | 2025-11-09 11:20:46 AM | analyzer.ReadOnlyStaticcall_safe1 | State variable assignement do not exist
[INFO] | 2025-11-09 11:20:46 AM | analyzer.ReadOnlyStaticcall_safe1 | Processed function getRandom
[INFO] | 2025-11-09 11:20:46 AM | analyzer.ReadOnlyStaticcall_safe1 | Generating return summary for constructor
[INFO] | 2025-11-09 11:20:46 AM | analyzer.ReadOnlyStaticcall_safe1 | Return summary generated for constructor
[INFO] | 2025-11-09 11:20:46 AM | analyzer.ReadOnlyStaticcall_safe1 | Range graph generated
[INFO] | 2025-11-09 11:20:46 AM | analyzer.ReadOnlyStaticcall_safe1 | Processed function constructor
[INFO] | 2025-11-09 11:20:46 AM | analyzer.ReadOnlyStaticcall_safe1 | Generating return summary for deposit
[INFO] | 2025-11-09 11:20:46 AM | analyzer.ReadOnlyStaticcall_safe1 | Return summary generated for deposit
[INFO] | 2025-11-09 11:20:46 AM | analyzer.ReadOnlyStaticcall_safe1 | Range graph generated
[INFO] | 2025-11-09 11:20:46 AM | analyzer.ReadOnlyStaticcall_safe1 | Processed function deposit
[INFO] | 2025-11-09 11:20:46 AM | analyzer.ReadOnlyStaticcall_safe1 | Generating return summary for nonReentrant
[INFO] | 2025-11-09 11:20:46 AM | analyzer.ReadOnlyStaticcall_safe1 | Return summary generated for nonReentrant
[INFO] | 2025-11-09 11:20:46 AM | analyzer.ReadOnlyStaticcall_safe1 | Range graph generated
[INFO] | 2025-11-09 11:20:46 AM | analyzer.ReadOnlyStaticcall_safe1 | Processed function nonReentrant
[INFO] | 2025-11-09 11:20:46 AM | analyzer.ReadOnlyStaticcall_safe1 | Generating return summary for nonReentrant
[INFO] | 2025-11-09 11:20:46 AM | analyzer.ReadOnlyStaticcall_safe1 | Return summary generated for nonReentrant
[INFO] | 2025-11-09 11:20:46 AM | analyzer.ReadOnlyStaticcall_safe1 | Range graph generated
[INFO] | 2025-11-09 11:20:46 AM | analyzer.ReadOnlyStaticcall_safe1 | Processed function nonReentrant
[INFO] | 2025-11-09 11:20:46 AM | analyzer.ReadOnlyStaticcall_safe1 | Generating return summary for nonReentrantView
[INFO] | 2025-11-09 11:20:46 AM | analyzer.ReadOnlyStaticcall_safe1 | Return summary generated for nonReentrantView
[INFO] | 2025-11-09 11:20:46 AM | analyzer.ReadOnlyStaticcall_safe1 | State variable assignement do not exist
[INFO] | 2025-11-09 11:20:46 AM | analyzer.ReadOnlyStaticcall_safe1 | Processed function nonReentrantView
[INFO] | 2025-11-09 11:20:46 AM | analyzer.ReadOnlyStaticcall_safe1 | Generating return summary for update
[INFO] | 2025-11-09 11:20:46 AM | analyzer.ReadOnlyStaticcall_safe1 | Return summary generated for update
[INFO] | 2025-11-09 11:20:46 AM | analyzer.ReadOnlyStaticcall_safe1 | Range graph generated
[INFO] | 2025-11-09 11:20:46 AM | analyzer.ReadOnlyStaticcall_safe1 | Processed function update
[INFO] | 2025-11-09 11:20:46 AM | analyzer.ReadOnlyStaticcall_safe1 | Generating return summary for withdraw
[INFO] | 2025-11-09 11:20:46 AM | analyzer.ReadOnlyStaticcall_safe1 | Return summary generated for withdraw
[WARNING] | 2025-11-09 11:20:46 AM | analyzer.ReadOnlyStaticcall_safe1 | instrs length LocalVariableInitFromTupleSolc is more than 1
[36m[#] Analysing started: ReadOnlyStaticcall_safe1.sol[0m
[36m[#] Interprocedural CFG generation started for modifier nonReentrant[0m
[36m[#] Interprocedural CFG generated for modifer nonReentrant[0m
[36m[#] Interprocedural CFG generation started for modifier nonReentrant[0m
[36m[#] Interprocedural CFG generated for modifer nonReentrant[0m
[36m[#] Interprocedural CFG generation started for modifier nonReentrantView[0m
[36m[#] Interprocedural CFG generated for modifer nonReentrantView[0m
[36m[#] Interprocedural CFG generation started for getRandom[0m
[36m[#] Interprocedural CFG generated for getRandom[0m
[36m[#] Interprocedural CFG generation started for constructor[0m
[36m[#] Interprocedural CFG generated for constructor[0m
[36m[#] Interprocedural CFG generation started for withdraw[0m
[36m[#] Interprocedural CFG generated for withdraw[0m
[36m[#] Interprocedural CFG generation started for deposit[0m
[36m[#] Interprocedural CFG generated for deposit[0m
[36m[#] Interprocedural CFG generation started for update[0m
[36m[#] Interprocedural CFG generated for update[0m
[36m[#] Interprocedural CFG generation started for getFix[0m
[36m[#] Interprocedural CFG generated for getFix[0m
[36m[#] Interprocedural CFG generation started for getRandomness[0m
[36m[#] Interprocedural CFG generated for getRandomness[0m
[36m[#] SDG generation started for getRandom[0m
[36m[#] SDG generated for getRandom[0m
[36m[#] SDG generation started for constructor[0m
[36m[#] SDG generated for constructor[0m
[36m[#] SDG generation started for withdraw[0m
[36m[#] SDG generated for withdraw[0m
[36m[#] SDG generation started for deposit[0m
[36m[#] SDG generated for deposit[0m
[36m[#] SDG generation started for modifier nonReentrant[0m
[36m[#] SDG generated for modifier nonReentrant[0m
[36m[#] SDG generation started for update[0m
[36m[#] SDG generated for update[0m
[36m[#] SDG generation started for getFix[0m
[36m[#] SDG generated for getFix[0m
[36m[#] SDG generation started for getRandomness[0m
[36m[#] SDG generated for getRandomness[0m
[36m[#] SDG generation started for modifier nonReentrant[0m
[36m[#] SDG generated for modifier nonReentrant[0m
[36m[#] SDG generation started for modifier nonReentrantView[0m
[36m[#] SDG generated for modifier nonReentrantView[0m
