PROJECT_DIR: /mnt/c/Users/spano/Documents/GitHub/manually-verified-reentrancy-dataset/dataset/handcrafted/0_5/always-safe/send-transfer
CONTRACT: /mnt/c/Users/spano/Documents/GitHub/manually-verified-reentrancy-dataset/dataset/handcrafted/0_5/always-safe/send-transfer/Transfer_safe2.sol
IMAGE: holmessherlock/sailfish:latest
COMMAND: docker run --rm --platform linux/amd64 -v /mnt/c/Users/spano/Documents/GitHub/manually-verified-reentrancy-dataset/dataset/handcrafted/0_5/always-safe/send-transfer:/workspace -v /mnt/c/Users/spano/Documents/GitHub/manually-verified-reentrancy-dataset/tools_analysis/non_smartbugs/sailfish/results_0_5/send-transfer/Transfer_safe2:/out -w / --entrypoint /bin/bash holmessherlock/sailfish:latest -lc '\
set -Eeuo pipefail

# 1) Locate Sailfish
SCRIPT=""
for p in /sailfish/code/static_analysis/analysis/contractlint.py \
         /root/sailfish/code/static_analysis/analysis/contractlint.py \
         /opt/sailfish/code/static_analysis/analysis/contractlint.py; do
  [ -f "$p" ] && SCRIPT="$p" && break
done
[ -z "$SCRIPT" ] && echo "ERROR: contractlint.py not found" >&2 && exit 2

# 2) Find python
PYBIN="python3"; command -v python3 >/dev/null 2>&1 || PYBIN="python"

# 3) Run Sailfish from its directory
SRCDIR="$(dirname "$SCRIPT")"
cd "$SRCDIR"
export PYTHONPATH="${SRCDIR}:${PYTHONPATH-}"

# 4) Execute analysis
set +e
$PYBIN contractlint.py \
  -c /workspace/Transfer_safe2.sol \
  -o /out \
  -r range \
  -p DAO,TOD \
  -sv cvc4 \
  -oo 2>&1 | tee /tmp/sf.out
RC=${PIPESTATUS[0]}
set -e
exit $RC
'
MODE: range
POLICIES: DAO,TOD
SOLVER: cvc4
OUT_SUBDIR: /mnt/c/Users/spano/Documents/GitHub/manually-verified-reentrancy-dataset/tools_analysis/non_smartbugs/sailfish/results_0_5/send-transfer/Transfer_safe2
STATUS: success
RETURN_CODE: 0
ELAPSED_SECONDS: 3.23
PRAGMA_SPECS: ^0.5.0

=== CONTAINER OUTPUT ===
mesg: ttyname failed: Inappropriate ioctl for device
[INFO] | 2025-11-09 11:20:35 AM | analyzer.Transfer_safe2 | Analysis started at: 2025-11-09 11:20:35 AM
[INFO] | 2025-11-09 11:20:35 AM | analyzer.Transfer_safe2 | Version constraints: ['^0.5.0']
[INFO] | 2025-11-09 11:20:35 AM | analyzer.Transfer_safe2 | solc version: v0.5.0
[INFO] | 2025-11-09 11:20:35 AM | analyzer.Transfer_safe2 | Callgraph generation started!
[INFO] | 2025-11-09 11:20:35 AM | analyzer.Transfer_safe2 | Callgraph generation finished!
[INFO] | 2025-11-09 11:20:35 AM | analyzer.Transfer_safe2 | Interprocedural CFG generation started!
[INFO] | 2025-11-09 11:20:35 AM | analyzer.Transfer_safe2 | Interprocedural CFG generation finished!
[INFO] | 2025-11-09 11:20:35 AM | analyzer.Transfer_safe2 | Storage dependency graph generation started!
[INFO] | 2025-11-09 11:20:35 AM | analyzer.Transfer_safe2 | Storage dependency graph generation finished!
[INFO] | 2025-11-09 11:20:35 AM | analyzer.Transfer_safe2 | Value Range Analysis started
[INFO] | 2025-11-09 11:20:35 AM | analyzer.Transfer_safe2 | Generating return summary for withdraw
[INFO] | 2025-11-09 11:20:35 AM | analyzer.Transfer_safe2 | Return summary generated for withdraw
[INFO] | 2025-11-09 11:20:35 AM | analyzer.Transfer_safe2 | Range graph generated
[INFO] | 2025-11-09 11:20:35 AM | analyzer.Transfer_safe2 | Processed function withdraw
[INFO] | 2025-11-09 11:20:35 AM | analyzer.Transfer_safe2 | Generating return summary for deposit
[INFO] | 2025-11-09 11:20:35 AM | analyzer.Transfer_safe2 | Return summary generated for deposit
[INFO] | 2025-11-09 11:20:35 AM | analyzer.Transfer_safe2 | Range graph generated
[INFO] | 2025-11-09 11:20:35 AM | analyzer.Transfer_safe2 | Processed function deposit
[INFO] | 2025-11-09 11:20:35 AM | analyzer.Transfer_safe2 | Value Range Analysis took 0.001775 seconds
[INFO] | 2025-11-09 11:20:35 AM | analyzer.Transfer_safe2 | Value Range Analysis finished
[INFO] | 2025-11-09 11:20:35 AM | analyzer.Transfer_safe2 | Storage dependency graph compostion started!
[INFO] | 2025-11-09 11:20:35 AM | analyzer.Transfer_safe2 | Storage dependency graph compostion finished!
[INFO] | 2025-11-09 11:20:35 AM | analyzer.Transfer_safe2 | Dependency detection started!
[INFO] | 2025-11-09 11:20:35 AM | analyzer.Transfer_safe2 | TOD dependency detected in file Transfer_safe2.sol in contract Transfer_safe2 in by composing functions withdraw and withdraw
[INFO] | 2025-11-09 11:20:35 AM | analyzer.Transfer_safe2 | TOD dependency detected in file Transfer_safe2.sol in contract Transfer_safe2 in by composing functions withdraw and deposit
[INFO] | 2025-11-09 11:20:35 AM | analyzer.Transfer_safe2 | Dependency detection finished!
[INFO] | 2025-11-09 11:20:35 AM | analyzer.Transfer_safe2 | Static Analysis took 0.180907 seconds
[INFO] | 2025-11-09 11:20:35 AM | analyzer.Transfer_safe2 | Dependency exists
[INFO] | 2025-11-09 11:20:35 AM | analyzer.Transfer_safe2 | Invoking symbolic executor!
[36m[#] Analysing started: Transfer_safe2.sol[0m
[36m[#] Interprocedural CFG generation started for withdraw[0m
[36m[#] Interprocedural CFG generated for withdraw[0m
[36m[#] Interprocedural CFG generation started for deposit[0m
[36m[#] Interprocedural CFG generated for deposit[0m
[36m[#] SDG generation started for withdraw[0m
[36m[#] SDG generated for withdraw[0m
[36m[#] SDG generation started for deposit[0m
[36m[#] SDG generated for deposit[0m
[INFO] | 2025-11-09 11:20:35 AM | analyzer.Transfer_safe2 | Symbolic execution took 0.661699 seconds
[INFO] | 2025-11-09 11:20:35 AM | analyzer.Transfer_safe2 | Symbolic execution finished!
[INFO] | 2025-11-09 11:20:35 AM | analyzer.Transfer_safe2 | Analysis finished!
[INFO] | 2025-11-09 11:20:35 AM | analyzer.Transfer_safe2 | Analysis took 0.845301 seconds
[INFO] | 2025-11-09 11:20:35 AM | analyzer.Transfer_safe2 | Analysis finished at: 2025-11-09 11:20:35 AM
[36m[#] Analysis took 0.845301 seconds[0m
[36m[#] Analysis completed: Transfer_safe2.sol [0m
