PROJECT_DIR: /mnt/c/Users/spano/Documents/GitHub/manually-verified-reentrancy-dataset/dataset/handcrafted/0_4/single-function/low-level-call/to-target/constructor
CONTRACT: /mnt/c/Users/spano/Documents/GitHub/manually-verified-reentrancy-dataset/dataset/handcrafted/0_4/single-function/low-level-call/to-target/constructor/Constructor_safe1.sol
IMAGE: holmessherlock/sailfish:latest
COMMAND: docker run --rm --platform linux/amd64 -v /mnt/c/Users/spano/Documents/GitHub/manually-verified-reentrancy-dataset/dataset/handcrafted/0_4/single-function/low-level-call/to-target/constructor:/workspace -v /mnt/c/Users/spano/Documents/GitHub/manually-verified-reentrancy-dataset/tools_analysis/non_smartbugs/sailfish/caz/constructor/Constructor_safe1:/out -w / --entrypoint /bin/bash holmessherlock/sailfish:latest -lc '\
set -Eeuo pipefail

# 1) Locate Sailfish
SCRIPT=""
for p in /sailfish/code/static_analysis/analysis/contractlint.py \
         /root/sailfish/code/static_analysis/analysis/contractlint.py \
         /opt/sailfish/code/static_analysis/analysis/contractlint.py; do
  [ -f "$p" ] && SCRIPT="$p" && break
done
[ -z "$SCRIPT" ] && echo "ERROR: contractlint.py not found" >&2 && exit 2

# 2) Find python
PYBIN="python3"; command -v python3 >/dev/null 2>&1 || PYBIN="python"

# 3) Run Sailfish from its directory
SRCDIR="$(dirname "$SCRIPT")"
cd "$SRCDIR"
export PYTHONPATH="${SRCDIR}:${PYTHONPATH-}"

# 4) Execute analysis
set +e
$PYBIN contractlint.py \
  -c /workspace/Constructor_safe1.sol \
  -o /out \
  -r range \
  -p DAO,TOD \
  -sv cvc4 \
  -oo 2>&1 | tee /tmp/sf.out
RC=${PIPESTATUS[0]}
set -e
exit $RC
'
MODE: range
POLICIES: DAO,TOD
SOLVER: cvc4
OUT_SUBDIR: /mnt/c/Users/spano/Documents/GitHub/manually-verified-reentrancy-dataset/tools_analysis/non_smartbugs/sailfish/caz/constructor/Constructor_safe1
STATUS: success
RETURN_CODE: 0
ELAPSED_SECONDS: 3.97
PRAGMA_SPECS: ^0.4.24

=== CONTAINER OUTPUT ===
mesg: ttyname failed: Inappropriate ioctl for device
[INFO] | 2025-11-09 11:14:25 AM | analyzer.Constructor_safe1 | Analysis started at: 2025-11-09 11:14:25 AM
[INFO] | 2025-11-09 11:14:25 AM | analyzer.Constructor_safe1 | Version constraints: ['^0.4.24']
[INFO] | 2025-11-09 11:14:25 AM | analyzer.Constructor_safe1 | solc version: v0.4.24
[INFO] | 2025-11-09 11:14:25 AM | analyzer.Constructor_safe1 | Callgraph generation started!
[INFO] | 2025-11-09 11:14:25 AM | analyzer.Constructor_safe1 | Callgraph generation finished!
[INFO] | 2025-11-09 11:14:25 AM | analyzer.Constructor_safe1 | Interprocedural CFG generation started!
[INFO] | 2025-11-09 11:14:25 AM | analyzer.Constructor_safe1 | Interprocedural CFG generation finished!
[INFO] | 2025-11-09 11:14:25 AM | analyzer.Constructor_safe1 | Storage dependency graph generation started!
[INFO] | 2025-11-09 11:14:25 AM | analyzer.Constructor_safe1 | Storage dependency graph generation finished!
[INFO] | 2025-11-09 11:14:25 AM | analyzer.Constructor_safe1 | Value Range Analysis started
[INFO] | 2025-11-09 11:14:25 AM | analyzer.Constructor_safe1 | Generating return summary for constructor
[INFO] | 2025-11-09 11:14:25 AM | analyzer.Constructor_safe1 | Return summary generated for constructor
[INFO] | 2025-11-09 11:14:25 AM | analyzer.Constructor_safe1 | Range graph generated
[INFO] | 2025-11-09 11:14:25 AM | analyzer.Constructor_safe1 | Processed function constructor
[INFO] | 2025-11-09 11:14:25 AM | analyzer.Constructor_safe1 | Generating return summary for pay
[INFO] | 2025-11-09 11:14:25 AM | analyzer.Constructor_safe1 | Return summary generated for pay
[INFO] | 2025-11-09 11:14:25 AM | analyzer.Constructor_safe1 | Range graph generated
[INFO] | 2025-11-09 11:14:25 AM | analyzer.Constructor_safe1 | Processed function pay
[INFO] | 2025-11-09 11:14:25 AM | analyzer.Constructor_safe1 | Generating return summary for deposit
[INFO] | 2025-11-09 11:14:25 AM | analyzer.Constructor_safe1 | Return summary generated for deposit
[INFO] | 2025-11-09 11:14:25 AM | analyzer.Constructor_safe1 | Range graph generated
[INFO] | 2025-11-09 11:14:25 AM | analyzer.Constructor_safe1 | Processed function deposit
[INFO] | 2025-11-09 11:14:25 AM | analyzer.Constructor_safe1 | Value Range Analysis took 0.005019 seconds
[INFO] | 2025-11-09 11:14:25 AM | analyzer.Constructor_safe1 | Value Range Analysis finished
[INFO] | 2025-11-09 11:14:25 AM | analyzer.Constructor_safe1 | Storage dependency graph compostion started!
[INFO] | 2025-11-09 11:14:25 AM | analyzer.Constructor_safe1 | Storage dependency graph compostion finished!
[INFO] | 2025-11-09 11:14:25 AM | analyzer.Constructor_safe1 | Dependency detection started!
[INFO] | 2025-11-09 11:14:25 AM | analyzer.Constructor_safe1 | TOD dependency detected in file Constructor_safe1.sol in contract Constructor_safe1 in by composing functions pay and pay
[INFO] | 2025-11-09 11:14:25 AM | analyzer.Constructor_safe1 | TOD dependency detected in file Constructor_safe1.sol in contract Constructor_safe1 in by composing functions pay and deposit
[INFO] | 2025-11-09 11:14:25 AM | analyzer.Constructor_safe1 | Dependency detection finished!
[INFO] | 2025-11-09 11:14:25 AM | analyzer.Constructor_safe1 | Static Analysis took 0.235952 seconds
[INFO] | 2025-11-09 11:14:25 AM | analyzer.Constructor_safe1 | Dependency exists
[INFO] | 2025-11-09 11:14:25 AM | analyzer.Constructor_safe1 | Invoking symbolic executor!
[36m[#] Analysing started: Constructor_safe1.sol[0m
[36m[#] Interprocedural CFG generation started for constructor[0m
[36m[#] Interprocedural CFG generated for constructor[0m
[36m[#] Interprocedural CFG generation started for pay[0m
[36m[#] Interprocedural CFG generated for pay[0m
[36m[#] Interprocedural CFG generation started for deposit[0m
[36m[#] Interprocedural CFG generated for deposit[0m
[36m[#] SDG generation started for constructor[0m
[36m[#] SDG generated for constructor[0m
[36m[#] SDG generation started for pay[0m
[36m[#] SDG generated for pay[0m
[36m[#] SDG generation started for deposit[0m
[36m[#] SDG generated for deposit[0m
[INFO] | 2025-11-09 11:14:26 AM | analyzer.Constructor_safe1 | Symbolic execution took 0.948438 seconds
[INFO] | 2025-11-09 11:14:26 AM | analyzer.Constructor_safe1 | Symbolic execution finished!
[INFO] | 2025-11-09 11:14:26 AM | analyzer.Constructor_safe1 | Analysis finished!
[INFO] | 2025-11-09 11:14:26 AM | analyzer.Constructor_safe1 | Analysis took 1.186819 seconds
[INFO] | 2025-11-09 11:14:26 AM | analyzer.Constructor_safe1 | Analysis finished at: 2025-11-09 11:14:26 AM
[36m[#] Analysis took 1.186819 seconds[0m
[36m[#] Analysis completed: Constructor_safe1.sol [0m
