PROJECT_DIR: /mnt/c/Users/spano/Documents/GitHub/manually-verified-reentrancy-dataset/dataset/handcrafted/0_4/cross-contract/create
CONTRACT: /mnt/c/Users/spano/Documents/GitHub/manually-verified-reentrancy-dataset/dataset/handcrafted/0_4/cross-contract/create/Create_ree2.sol
IMAGE: holmessherlock/sailfish:latest
COMMAND: docker run --rm --platform linux/amd64 -v /mnt/c/Users/spano/Documents/GitHub/manually-verified-reentrancy-dataset/dataset/handcrafted/0_4/cross-contract/create:/workspace -v /mnt/c/Users/spano/Documents/GitHub/manually-verified-reentrancy-dataset/tools_analysis/non_smartbugs/sailfish/caz/create/Create_ree2:/out -w / --entrypoint /bin/bash holmessherlock/sailfish:latest -lc '\
set -Eeuo pipefail

# 1) Locate Sailfish
SCRIPT=""
for p in /sailfish/code/static_analysis/analysis/contractlint.py \
         /root/sailfish/code/static_analysis/analysis/contractlint.py \
         /opt/sailfish/code/static_analysis/analysis/contractlint.py; do
  [ -f "$p" ] && SCRIPT="$p" && break
done
[ -z "$SCRIPT" ] && echo "ERROR: contractlint.py not found" >&2 && exit 2

# 2) Find python
PYBIN="python3"; command -v python3 >/dev/null 2>&1 || PYBIN="python"

# 3) Run Sailfish from its directory
SRCDIR="$(dirname "$SCRIPT")"
cd "$SRCDIR"
export PYTHONPATH="${SRCDIR}:${PYTHONPATH-}"

# 4) Execute analysis
set +e
$PYBIN contractlint.py \
  -c /workspace/Create_ree2.sol \
  -o /out \
  -r range \
  -p DAO,TOD \
  -sv cvc4 \
  -oo 2>&1 | tee /tmp/sf.out
RC=${PIPESTATUS[0]}
set -e
exit $RC
'
MODE: range
POLICIES: DAO,TOD
SOLVER: cvc4
OUT_SUBDIR: /mnt/c/Users/spano/Documents/GitHub/manually-verified-reentrancy-dataset/tools_analysis/non_smartbugs/sailfish/caz/create/Create_ree2
STATUS: success
RETURN_CODE: 0
ELAPSED_SECONDS: 3.34
PRAGMA_SPECS: ^0.4.24

=== CONTAINER OUTPUT ===
mesg: ttyname failed: Inappropriate ioctl for device
[INFO] | 2025-11-09 11:12:50 AM | analyzer.Create_ree2 | Analysis started at: 2025-11-09 11:12:50 AM
[INFO] | 2025-11-09 11:12:50 AM | analyzer.Create_ree2 | Version constraints: ['^0.4.24']
[INFO] | 2025-11-09 11:12:50 AM | analyzer.Create_ree2 | solc version: v0.4.24
[INFO] | 2025-11-09 11:12:50 AM | analyzer.Create_ree2 | Callgraph generation started!
[INFO] | 2025-11-09 11:12:50 AM | analyzer.Create_ree2 | Callgraph generation finished!
[INFO] | 2025-11-09 11:12:50 AM | analyzer.Create_ree2 | Interprocedural CFG generation started!
[INFO] | 2025-11-09 11:12:50 AM | analyzer.Create_ree2 | Interprocedural CFG generation finished!
[INFO] | 2025-11-09 11:12:50 AM | analyzer.Create_ree2 | Storage dependency graph generation started!
[INFO] | 2025-11-09 11:12:50 AM | analyzer.Create_ree2 | Storage dependency graph generation finished!
[INFO] | 2025-11-09 11:12:50 AM | analyzer.Create_ree2 | Value Range Analysis started
[INFO] | 2025-11-09 11:12:50 AM | analyzer.Create_ree2 | Generating return summary for constructor
[INFO] | 2025-11-09 11:12:50 AM | analyzer.Create_ree2 | Return summary generated for constructor
[INFO] | 2025-11-09 11:12:50 AM | analyzer.Create_ree2 | State variable assignement do not exist
[INFO] | 2025-11-09 11:12:50 AM | analyzer.Create_ree2 | Processed function constructor
[INFO] | 2025-11-09 11:12:50 AM | analyzer.Create_ree2 | Generating return summary for deploy_and_win
[INFO] | 2025-11-09 11:12:50 AM | analyzer.Create_ree2 | We should not consider this kind of return values!
[INFO] | 2025-11-09 11:12:50 AM | analyzer.Create_ree2 | Return summary generated for deploy_and_win
[INFO] | 2025-11-09 11:12:50 AM | analyzer.Create_ree2 | Range graph generated
[INFO] | 2025-11-09 11:12:50 AM | analyzer.Create_ree2 | Processed function deploy_and_win
[INFO] | 2025-11-09 11:12:50 AM | analyzer.Create_ree2 | Generating return summary for fallback
[INFO] | 2025-11-09 11:12:50 AM | analyzer.Create_ree2 | Return summary generated for fallback
[INFO] | 2025-11-09 11:12:50 AM | analyzer.Create_ree2 | State variable assignement do not exist
[INFO] | 2025-11-09 11:12:50 AM | analyzer.Create_ree2 | Processed function fallback
[INFO] | 2025-11-09 11:12:50 AM | analyzer.Create_ree2 | Value Range Analysis took 0.004165 seconds
[INFO] | 2025-11-09 11:12:50 AM | analyzer.Create_ree2 | Value Range Analysis finished
[INFO] | 2025-11-09 11:12:50 AM | analyzer.Create_ree2 | Storage dependency graph compostion started!
[INFO] | 2025-11-09 11:12:50 AM | analyzer.Create_ree2 | Storage dependency graph compostion finished!
[INFO] | 2025-11-09 11:12:50 AM | analyzer.Create_ree2 | Dependency detection started!
[INFO] | 2025-11-09 11:12:50 AM | analyzer.Create_ree2 | TOD dependency detected in file Create_ree2.sol in contract Create_ree2 in by composing functions deploy_and_win and deploy_and_win
[INFO] | 2025-11-09 11:12:50 AM | analyzer.Create_ree2 | Dependency detection finished!
[INFO] | 2025-11-09 11:12:50 AM | analyzer.Create_ree2 | Static Analysis took 0.182853 seconds
[INFO] | 2025-11-09 11:12:50 AM | analyzer.Create_ree2 | Dependency exists
[INFO] | 2025-11-09 11:12:50 AM | analyzer.Create_ree2 | Invoking symbolic executor!
[36m[#] Analysing started: Create_ree2.sol[0m
[36m[#] Interprocedural CFG generation started for constructor[0m
[36m[#] Interprocedural CFG generated for constructor[0m
[36m[#] Interprocedural CFG generation started for deploy_and_win[0m
[36m[#] Interprocedural CFG generated for deploy_and_win[0m
[36m[#] Interprocedural CFG generation started for fallback[0m
[36m[#] Interprocedural CFG generated for fallback[0m
[36m[#] SDG generation started for constructor[0m
[36m[#] SDG generated for constructor[0m
[36m[#] SDG generation started for deploy_and_win[0m
[36m[#] SDG generated for deploy_and_win[0m
[36m[#] SDG generation started for fallback[0m
[36m[#] SDG generated for fallback[0m
[INFO] | 2025-11-09 11:12:51 AM | analyzer.Create_ree2 | Symbolic execution took 0.851403 seconds
[INFO] | 2025-11-09 11:12:51 AM | analyzer.Create_ree2 | Symbolic execution finished!
[INFO] | 2025-11-09 11:12:51 AM | analyzer.Create_ree2 | Analysis finished!
[INFO] | 2025-11-09 11:12:51 AM | analyzer.Create_ree2 | Analysis took 1.036563 seconds
[INFO] | 2025-11-09 11:12:51 AM | analyzer.Create_ree2 | Analysis finished at: 2025-11-09 11:12:51 AM
[36m[#] Analysis took 1.036563 seconds[0m
[36m[#] Analysis completed: Create_ree2.sol [0m
