PROJECT_DIR: /mnt/c/Users/spano/Documents/GitHub/manually-verified-reentrancy-dataset/dataset/handcrafted/0_4/cross-contract/access-control/human
CONTRACT: /mnt/c/Users/spano/Documents/GitHub/manually-verified-reentrancy-dataset/dataset/handcrafted/0_4/cross-contract/access-control/human/Human_ree1.sol
IMAGE: holmessherlock/sailfish:latest
COMMAND: docker run --rm --platform linux/amd64 -v /mnt/c/Users/spano/Documents/GitHub/manually-verified-reentrancy-dataset/dataset/handcrafted/0_4/cross-contract/access-control/human:/workspace -v /mnt/c/Users/spano/Documents/GitHub/manually-verified-reentrancy-dataset/tools_analysis/non_smartbugs/sailfish/caz/human/Human_ree1:/out -w / --entrypoint /bin/bash holmessherlock/sailfish:latest -lc '\
set -Eeuo pipefail

# 1) Locate Sailfish
SCRIPT=""
for p in /sailfish/code/static_analysis/analysis/contractlint.py \
         /root/sailfish/code/static_analysis/analysis/contractlint.py \
         /opt/sailfish/code/static_analysis/analysis/contractlint.py; do
  [ -f "$p" ] && SCRIPT="$p" && break
done
[ -z "$SCRIPT" ] && echo "ERROR: contractlint.py not found" >&2 && exit 2

# 2) Find python
PYBIN="python3"; command -v python3 >/dev/null 2>&1 || PYBIN="python"

# 3) Run Sailfish from its directory
SRCDIR="$(dirname "$SCRIPT")"
cd "$SRCDIR"
export PYTHONPATH="${SRCDIR}:${PYTHONPATH-}"

# 4) Execute analysis
set +e
$PYBIN contractlint.py \
  -c /workspace/Human_ree1.sol \
  -o /out \
  -r range \
  -p DAO,TOD \
  -sv cvc4 \
  -oo 2>&1 | tee /tmp/sf.out
RC=${PIPESTATUS[0]}
set -e
exit $RC
'
MODE: range
POLICIES: DAO,TOD
SOLVER: cvc4
OUT_SUBDIR: /mnt/c/Users/spano/Documents/GitHub/manually-verified-reentrancy-dataset/tools_analysis/non_smartbugs/sailfish/caz/human/Human_ree1
STATUS: success
RETURN_CODE: 0
ELAPSED_SECONDS: 6.00
PRAGMA_SPECS: ^0.4.24

=== CONTAINER OUTPUT ===
mesg: ttyname failed: Inappropriate ioctl for device
[INFO] | 2025-11-09 11:12:42 AM | analyzer.Human_ree1 | Analysis started at: 2025-11-09 11:12:42 AM
[INFO] | 2025-11-09 11:12:43 AM | analyzer.Human_ree1 | Version constraints: ['^0.4.24']
[INFO] | 2025-11-09 11:12:43 AM | analyzer.Human_ree1 | solc version: v0.4.24
[INFO] | 2025-11-09 11:12:43 AM | analyzer.Human_ree1 | Callgraph generation started!
[INFO] | 2025-11-09 11:12:43 AM | analyzer.Human_ree1 | Callgraph generation finished!
[INFO] | 2025-11-09 11:12:43 AM | analyzer.Human_ree1 | Interprocedural CFG generation started!
[INFO] | 2025-11-09 11:12:43 AM | analyzer.Human_ree1 | Interprocedural CFG generation finished!
[INFO] | 2025-11-09 11:12:43 AM | analyzer.Human_ree1 | Storage dependency graph generation started!
[INFO] | 2025-11-09 11:12:43 AM | analyzer.Human_ree1 | Storage dependency graph generation finished!
[INFO] | 2025-11-09 11:12:43 AM | analyzer.Human_ree1 | Value Range Analysis started
[INFO] | 2025-11-09 11:12:43 AM | analyzer.Human_ree1 | Generating return summary for setAllowance
[INFO] | 2025-11-09 11:12:43 AM | analyzer.Human_ree1 | Return summary generated for setAllowance
[INFO] | 2025-11-09 11:12:43 AM | analyzer.Human_ree1 | Range graph generated
[INFO] | 2025-11-09 11:12:43 AM | analyzer.Human_ree1 | Processed function setAllowance
[INFO] | 2025-11-09 11:12:43 AM | analyzer.Human_ree1 | Generating return summary for isHuman
[INFO] | 2025-11-09 11:12:43 AM | analyzer.Human_ree1 | Return summary generated for isHuman
[INFO] | 2025-11-09 11:12:43 AM | analyzer.Human_ree1 | State variable assignement do not exist
[INFO] | 2025-11-09 11:12:43 AM | analyzer.Human_ree1 | Processed function isHuman
[INFO] | 2025-11-09 11:12:43 AM | analyzer.Human_ree1 | Generating return summary for bid
[INFO] | 2025-11-09 11:12:43 AM | analyzer.Human_ree1 | Return summary generated for bid
[WARNING] | 2025-11-09 11:12:43 AM | analyzer.Human_ree1 | Can there be this kind of variables
[WARNING] | 2025-11-09 11:12:43 AM | analyzer.Human_ree1 | Can there be this kind of variables
[WARNING] | 2025-11-09 11:12:43 AM | analyzer.Human_ree1 | Can there be this kind of variables
[INFO] | 2025-11-09 11:12:43 AM | analyzer.Human_ree1 | Range graph generated
[INFO] | 2025-11-09 11:12:43 AM | analyzer.Human_ree1 | Processed function bid
[INFO] | 2025-11-09 11:12:43 AM | analyzer.Human_ree1 | Generating return summary for transferFrom
[INFO] | 2025-11-09 11:12:43 AM | analyzer.Human_ree1 | Return summary generated for transferFrom
[WARNING] | 2025-11-09 11:12:43 AM | analyzer.Human_ree1 | Can there be this kind of variables
[WARNING] | 2025-11-09 11:12:43 AM | analyzer.Human_ree1 | Can there be this kind of variables
[INFO] | 2025-11-09 11:12:43 AM | analyzer.Human_ree1 | Range graph generated
[INFO] | 2025-11-09 11:12:43 AM | analyzer.Human_ree1 | Processed function transferFrom
[INFO] | 2025-11-09 11:12:43 AM | analyzer.Human_ree1 | Generating return summary for transfer
[INFO] | 2025-11-09 11:12:43 AM | analyzer.Human_ree1 | Return summary generated for transfer
[WARNING] | 2025-11-09 11:12:43 AM | analyzer.Human_ree1 | Can there be this kind of variables
[WARNING] | 2025-11-09 11:12:43 AM | analyzer.Human_ree1 | Can there be this kind of variables
[INFO] | 2025-11-09 11:12:43 AM | analyzer.Human_ree1 | Range graph generated
[INFO] | 2025-11-09 11:12:43 AM | analyzer.Human_ree1 | Processed function transfer
[INFO] | 2025-11-09 11:12:43 AM | analyzer.Human_ree1 | Value Range Analysis took 0.013835 seconds
[INFO] | 2025-11-09 11:12:43 AM | analyzer.Human_ree1 | Value Range Analysis finished
[INFO] | 2025-11-09 11:12:43 AM | analyzer.Human_ree1 | Storage dependency graph compostion started!
[INFO] | 2025-11-09 11:12:43 AM | analyzer.Human_ree1 | Storage dependency graph compostion finished!
[INFO] | 2025-11-09 11:12:43 AM | analyzer.Human_ree1 | Dependency detection started!
[INFO] | 2025-11-09 11:12:43 AM | analyzer.Human_ree1 | DAO dependency detected in file Human_ree1.sol in contract Human_ree1 in by composing functions transfer and transfer
[INFO] | 2025-11-09 11:12:43 AM | analyzer.Human_ree1 | DAO dependency detected in file Human_ree1.sol in contract Human_ree1 in by composing functions transfer and transferFrom
[INFO] | 2025-11-09 11:12:43 AM | analyzer.Human_ree1 | DAO dependency detected in file Human_ree1.sol in contract Human_ree1 in by composing functions transferFrom and transfer
[INFO] | 2025-11-09 11:12:43 AM | analyzer.Human_ree1 | DAO dependency detected in file Human_ree1.sol in contract Human_ree1 in by composing functions transferFrom and transferFrom
[INFO] | 2025-11-09 11:12:43 AM | analyzer.Human_ree1 | TOD dependency detected in file Human_ree1.sol in contract Human_ree1 in by composing functions transfer and bid
[INFO] | 2025-11-09 11:12:43 AM | analyzer.Human_ree1 | TOD dependency detected in file Human_ree1.sol in contract Human_ree1 in by composing functions transfer and transfer
[INFO] | 2025-11-09 11:12:43 AM | analyzer.Human_ree1 | TOD dependency detected in file Human_ree1.sol in contract Human_ree1 in by composing functions transfer and setAllowance
[INFO] | 2025-11-09 11:12:43 AM | analyzer.Human_ree1 | TOD dependency detected in file Human_ree1.sol in contract Human_ree1 in by composing functions transfer and transferFrom
[INFO] | 2025-11-09 11:12:43 AM | analyzer.Human_ree1 | TOD dependency detected in file Human_ree1.sol in contract Human_ree1 in by composing functions transferFrom and bid
[INFO] | 2025-11-09 11:12:43 AM | analyzer.Human_ree1 | TOD dependency detected in file Human_ree1.sol in contract Human_ree1 in by composing functions transferFrom and transfer
[INFO] | 2025-11-09 11:12:43 AM | analyzer.Human_ree1 | TOD dependency detected in file Human_ree1.sol in contract Human_ree1 in by composing functions transferFrom and setAllowance
[INFO] | 2025-11-09 11:12:44 AM | analyzer.Human_ree1 | TOD dependency detected in file Human_ree1.sol in contract Human_ree1 in by composing functions transferFrom and transferFrom
[INFO] | 2025-11-09 11:12:44 AM | analyzer.Human_ree1 | Dependency detection finished!
[INFO] | 2025-11-09 11:12:44 AM | analyzer.Human_ree1 | Static Analysis took 1.209864 seconds
[INFO] | 2025-11-09 11:12:44 AM | analyzer.Human_ree1 | Dependency exists
[INFO] | 2025-11-09 11:12:44 AM | analyzer.Human_ree1 | Invoking symbolic executor!
[36m[#] Analysing started: Human_ree1.sol[0m
[36m[#] Interprocedural CFG generation started for modifier isHuman[0m
[36m[#] Interprocedural CFG generated for modifer isHuman[0m
[36m[#] Interprocedural CFG generation started for bid[0m
[36m[#] Interprocedural CFG generated for bid[0m
[36m[#] Interprocedural CFG generation started for transfer[0m
[36m[#] Interprocedural CFG generated for transfer[0m
[36m[#] Interprocedural CFG generation started for setAllowance[0m
[36m[#] Interprocedural CFG generated for setAllowance[0m
[36m[#] Interprocedural CFG generation started for transferFrom[0m
[36m[#] Interprocedural CFG generated for transferFrom[0m
[36m[#] SDG generation started for bid[0m
[36m[#] SDG generated for bid[0m
[36m[#] SDG generation started for transfer[0m
[36m[#] SDG generated for transfer[0m
[36m[#] SDG generation started for setAllowance[0m
[36m[#] SDG generated for setAllowance[0m
[36m[#] SDG generation started for transferFrom[0m
[36m[#] SDG generated for transferFrom[0m
[36m[#] SDG generation started for modifier isHuman[0m
[36m[#] SDG generated for modifier isHuman[0m
[INFO] | 2025-11-09 11:12:46 AM | analyzer.Human_ree1 | Symbolic execution took 2.382427 seconds
[INFO] | 2025-11-09 11:12:46 AM | analyzer.Human_ree1 | Symbolic execution finished!
[INFO] | 2025-11-09 11:12:46 AM | analyzer.Human_ree1 | Analysis finished!
[INFO] | 2025-11-09 11:12:46 AM | analyzer.Human_ree1 | Analysis took 3.595583 seconds
[INFO] | 2025-11-09 11:12:46 AM | analyzer.Human_ree1 | Analysis finished at: 2025-11-09 11:12:46 AM
[36m[#] Analysis took 3.595583 seconds[0m
[36m[#] Analysis completed: Human_ree1.sol [0m
