PROJECT_DIR: /mnt/c/Users/spano/Documents/GitHub/manually-verified-reentrancy-dataset/dataset/handcrafted/0_4/single-function/low-level-call/to-sender/guard/mutex/multi-flag/mod
CONTRACT: /mnt/c/Users/spano/Documents/GitHub/manually-verified-reentrancy-dataset/dataset/handcrafted/0_4/single-function/low-level-call/to-sender/guard/mutex/multi-flag/mod/MutexesMod_ree4.sol
IMAGE: holmessherlock/sailfish:latest
COMMAND: docker run --rm --platform linux/amd64 -v /mnt/c/Users/spano/Documents/GitHub/manually-verified-reentrancy-dataset/dataset/handcrafted/0_4/single-function/low-level-call/to-sender/guard/mutex/multi-flag/mod:/workspace -v /mnt/c/Users/spano/Documents/GitHub/manually-verified-reentrancy-dataset/tools_analysis/non_smartbugs/sailfish/caz/mod/MutexesMod_ree4:/out -w / --entrypoint /bin/bash holmessherlock/sailfish:latest -lc '\
set -Eeuo pipefail

# 1) Locate Sailfish
SCRIPT=""
for p in /sailfish/code/static_analysis/analysis/contractlint.py \
         /root/sailfish/code/static_analysis/analysis/contractlint.py \
         /opt/sailfish/code/static_analysis/analysis/contractlint.py; do
  [ -f "$p" ] && SCRIPT="$p" && break
done
[ -z "$SCRIPT" ] && echo "ERROR: contractlint.py not found" >&2 && exit 2

# 2) Find python
PYBIN="python3"; command -v python3 >/dev/null 2>&1 || PYBIN="python"

# 3) Run Sailfish from its directory
SRCDIR="$(dirname "$SCRIPT")"
cd "$SRCDIR"
export PYTHONPATH="${SRCDIR}:${PYTHONPATH-}"

# 4) Execute analysis
set +e
$PYBIN contractlint.py \
  -c /workspace/MutexesMod_ree4.sol \
  -o /out \
  -r range \
  -p DAO,TOD \
  -sv cvc4 \
  -oo 2>&1 | tee /tmp/sf.out
RC=${PIPESTATUS[0]}
set -e
exit $RC
'
MODE: range
POLICIES: DAO,TOD
SOLVER: cvc4
OUT_SUBDIR: /mnt/c/Users/spano/Documents/GitHub/manually-verified-reentrancy-dataset/tools_analysis/non_smartbugs/sailfish/caz/mod/MutexesMod_ree4
STATUS: success
RETURN_CODE: 0
ELAPSED_SECONDS: 4.70
PRAGMA_SPECS: ^0.4.24

=== CONTAINER OUTPUT ===
mesg: ttyname failed: Inappropriate ioctl for device
[INFO] | 2025-11-09 11:13:46 AM | analyzer.MutexesMod_ree4 | Analysis started at: 2025-11-09 11:13:46 AM
[INFO] | 2025-11-09 11:13:47 AM | analyzer.MutexesMod_ree4 | Version constraints: ['^0.4.24']
[INFO] | 2025-11-09 11:13:47 AM | analyzer.MutexesMod_ree4 | solc version: v0.4.24
[INFO] | 2025-11-09 11:13:47 AM | analyzer.MutexesMod_ree4 | Callgraph generation started!
[INFO] | 2025-11-09 11:13:47 AM | analyzer.MutexesMod_ree4 | Callgraph generation finished!
[INFO] | 2025-11-09 11:13:47 AM | analyzer.MutexesMod_ree4 | Interprocedural CFG generation started!
[INFO] | 2025-11-09 11:13:47 AM | analyzer.MutexesMod_ree4 | Interprocedural CFG generation finished!
[INFO] | 2025-11-09 11:13:47 AM | analyzer.MutexesMod_ree4 | Storage dependency graph generation started!
[INFO] | 2025-11-09 11:13:47 AM | analyzer.MutexesMod_ree4 | Storage dependency graph generation finished!
[INFO] | 2025-11-09 11:13:47 AM | analyzer.MutexesMod_ree4 | Value Range Analysis started
[INFO] | 2025-11-09 11:13:47 AM | analyzer.MutexesMod_ree4 | Generating return summary for nonReentrant
[INFO] | 2025-11-09 11:13:47 AM | analyzer.MutexesMod_ree4 | Return summary generated for nonReentrant
[INFO] | 2025-11-09 11:13:47 AM | analyzer.MutexesMod_ree4 | Range graph generated
[INFO] | 2025-11-09 11:13:47 AM | analyzer.MutexesMod_ree4 | Processed function nonReentrant
[INFO] | 2025-11-09 11:13:47 AM | analyzer.MutexesMod_ree4 | Generating return summary for withdraw
[INFO] | 2025-11-09 11:13:47 AM | analyzer.MutexesMod_ree4 | Return summary generated for withdraw
[INFO] | 2025-11-09 11:13:47 AM | analyzer.MutexesMod_ree4 | Range graph generated
[INFO] | 2025-11-09 11:13:47 AM | analyzer.MutexesMod_ree4 | Processed function withdraw
[INFO] | 2025-11-09 11:13:47 AM | analyzer.MutexesMod_ree4 | Generating return summary for deposit
[INFO] | 2025-11-09 11:13:47 AM | analyzer.MutexesMod_ree4 | Return summary generated for deposit
[INFO] | 2025-11-09 11:13:47 AM | analyzer.MutexesMod_ree4 | Range graph generated
[INFO] | 2025-11-09 11:13:47 AM | analyzer.MutexesMod_ree4 | Processed function deposit
[INFO] | 2025-11-09 11:13:47 AM | analyzer.MutexesMod_ree4 | Value Range Analysis took 0.005828 seconds
[INFO] | 2025-11-09 11:13:47 AM | analyzer.MutexesMod_ree4 | Value Range Analysis finished
[INFO] | 2025-11-09 11:13:47 AM | analyzer.MutexesMod_ree4 | Storage dependency graph compostion started!
[INFO] | 2025-11-09 11:13:47 AM | analyzer.MutexesMod_ree4 | Storage dependency graph compostion finished!
[INFO] | 2025-11-09 11:13:47 AM | analyzer.MutexesMod_ree4 | Dependency detection started!
[INFO] | 2025-11-09 11:13:47 AM | analyzer.MutexesMod_ree4 | DAO dependency detected in file MutexesMod_ree4.sol in contract MutexesMod_ree4 in by composing functions withdraw and withdraw
[INFO] | 2025-11-09 11:13:47 AM | analyzer.MutexesMod_ree4 | TOD dependency detected in file MutexesMod_ree4.sol in contract MutexesMod_ree4 in by composing functions withdraw and withdraw
[INFO] | 2025-11-09 11:13:47 AM | analyzer.MutexesMod_ree4 | TOD dependency detected in file MutexesMod_ree4.sol in contract MutexesMod_ree4 in by composing functions withdraw and deposit
[INFO] | 2025-11-09 11:13:47 AM | analyzer.MutexesMod_ree4 | Dependency detection finished!
[INFO] | 2025-11-09 11:13:47 AM | analyzer.MutexesMod_ree4 | Static Analysis took 0.354532 seconds
[INFO] | 2025-11-09 11:13:47 AM | analyzer.MutexesMod_ree4 | Dependency exists
[INFO] | 2025-11-09 11:13:47 AM | analyzer.MutexesMod_ree4 | Invoking symbolic executor!
[36m[#] Analysing started: MutexesMod_ree4.sol[0m
[36m[#] Interprocedural CFG generation started for modifier nonReentrant[0m
[36m[#] Interprocedural CFG generated for modifer nonReentrant[0m
[36m[#] Interprocedural CFG generation started for withdraw[0m
[36m[#] Interprocedural CFG generated for withdraw[0m
[36m[#] Interprocedural CFG generation started for deposit[0m
[36m[#] Interprocedural CFG generated for deposit[0m
[36m[#] SDG generation started for withdraw[0m
[36m[#] SDG generated for withdraw[0m
[36m[#] SDG generation started for deposit[0m
[36m[#] SDG generated for deposit[0m
[36m[#] SDG generation started for modifier nonReentrant[0m
[36m[#] SDG generated for modifier nonReentrant[0m
[INFO] | 2025-11-09 11:13:49 AM | analyzer.MutexesMod_ree4 | Symbolic execution took 1.675650 seconds
[INFO] | 2025-11-09 11:13:49 AM | analyzer.MutexesMod_ree4 | Symbolic execution finished!
[INFO] | 2025-11-09 11:13:49 AM | analyzer.MutexesMod_ree4 | Analysis finished!
[INFO] | 2025-11-09 11:13:49 AM | analyzer.MutexesMod_ree4 | Analysis took 2.032696 seconds
[INFO] | 2025-11-09 11:13:49 AM | analyzer.MutexesMod_ree4 | Analysis finished at: 2025-11-09 11:13:49 AM
[36m[#] Analysis took 2.032696 seconds[0m
[36m[#] Analysis completed: MutexesMod_ree4.sol [0m
