PROJECT_DIR: /mnt/c/Users/spano/Documents/GitHub/manually-verified-reentrancy-dataset/dataset/handcrafted/0_4/cross-contract/read-only
CONTRACT: /mnt/c/Users/spano/Documents/GitHub/manually-verified-reentrancy-dataset/dataset/handcrafted/0_4/cross-contract/read-only/ReadOnly_ree3.sol
IMAGE: holmessherlock/sailfish:latest
COMMAND: docker run --rm --platform linux/amd64 -v /mnt/c/Users/spano/Documents/GitHub/manually-verified-reentrancy-dataset/dataset/handcrafted/0_4/cross-contract/read-only:/workspace -v /mnt/c/Users/spano/Documents/GitHub/manually-verified-reentrancy-dataset/tools_analysis/non_smartbugs/sailfish/caz/read-only/ReadOnly_ree3:/out -w / --entrypoint /bin/bash holmessherlock/sailfish:latest -lc '\
set -Eeuo pipefail

# 1) Locate Sailfish
SCRIPT=""
for p in /sailfish/code/static_analysis/analysis/contractlint.py \
         /root/sailfish/code/static_analysis/analysis/contractlint.py \
         /opt/sailfish/code/static_analysis/analysis/contractlint.py; do
  [ -f "$p" ] && SCRIPT="$p" && break
done
[ -z "$SCRIPT" ] && echo "ERROR: contractlint.py not found" >&2 && exit 2

# 2) Find python
PYBIN="python3"; command -v python3 >/dev/null 2>&1 || PYBIN="python"

# 3) Run Sailfish from its directory
SRCDIR="$(dirname "$SCRIPT")"
cd "$SRCDIR"
export PYTHONPATH="${SRCDIR}:${PYTHONPATH-}"

# 4) Execute analysis
set +e
$PYBIN contractlint.py \
  -c /workspace/ReadOnly_ree3.sol \
  -o /out \
  -r range \
  -p DAO,TOD \
  -sv cvc4 \
  -oo 2>&1 | tee /tmp/sf.out
RC=${PIPESTATUS[0]}
set -e
exit $RC
'
MODE: range
POLICIES: DAO,TOD
SOLVER: cvc4
OUT_SUBDIR: /mnt/c/Users/spano/Documents/GitHub/manually-verified-reentrancy-dataset/tools_analysis/non_smartbugs/sailfish/caz/read-only/ReadOnly_ree3
STATUS: success
RETURN_CODE: 0
ELAPSED_SECONDS: 2.68
PRAGMA_SPECS: ^0.4.24

=== CONTAINER OUTPUT ===
mesg: ttyname failed: Inappropriate ioctl for device
[INFO] | 2025-11-09 11:12:54 AM | analyzer.ReadOnly_ree3 | Analysis started at: 2025-11-09 11:12:54 AM
[INFO] | 2025-11-09 11:12:54 AM | analyzer.ReadOnly_ree3 | Version constraints: ['^0.4.24']
[INFO] | 2025-11-09 11:12:54 AM | analyzer.ReadOnly_ree3 | solc version: v0.4.24
[INFO] | 2025-11-09 11:12:54 AM | analyzer.ReadOnly_ree3 | Callgraph generation started!
[INFO] | 2025-11-09 11:12:54 AM | analyzer.ReadOnly_ree3 | Callgraph generation finished!
[INFO] | 2025-11-09 11:12:54 AM | analyzer.ReadOnly_ree3 | Interprocedural CFG generation started!
[INFO] | 2025-11-09 11:12:54 AM | analyzer.ReadOnly_ree3 | Interprocedural CFG generation finished!
[INFO] | 2025-11-09 11:12:54 AM | analyzer.ReadOnly_ree3 | Storage dependency graph generation started!
[INFO] | 2025-11-09 11:12:54 AM | analyzer.ReadOnly_ree3 | Storage dependency graph generation finished!
[INFO] | 2025-11-09 11:12:54 AM | analyzer.ReadOnly_ree3 | Value Range Analysis started
[INFO] | 2025-11-09 11:12:54 AM | analyzer.ReadOnly_ree3 | Generating return summary for adjust
[INFO] | 2025-11-09 11:12:54 AM | analyzer.ReadOnly_ree3 | Return summary generated for adjust
[INFO] | 2025-11-09 11:12:54 AM | analyzer.ReadOnly_ree3 | State variable assignement do not exist
[INFO] | 2025-11-09 11:12:54 AM | analyzer.ReadOnly_ree3 | Processed function adjust
[INFO] | 2025-11-09 11:12:54 AM | analyzer.ReadOnly_ree3 | Generating return summary for constructor
[INFO] | 2025-11-09 11:12:54 AM | analyzer.ReadOnly_ree3 | Return summary generated for constructor
[INFO] | 2025-11-09 11:12:54 AM | analyzer.ReadOnly_ree3 | Range graph generated
[INFO] | 2025-11-09 11:12:54 AM | analyzer.ReadOnly_ree3 | Processed function constructor
[INFO] | 2025-11-09 11:12:54 AM | analyzer.ReadOnly_ree3 | Generating return summary for fallback
[INFO] | 2025-11-09 11:12:54 AM | analyzer.ReadOnly_ree3 | Return summary generated for fallback
[INFO] | 2025-11-09 11:12:54 AM | analyzer.ReadOnly_ree3 | State variable assignement do not exist
[INFO] | 2025-11-09 11:12:54 AM | analyzer.ReadOnly_ree3 | Processed function fallback
[INFO] | 2025-11-09 11:12:54 AM | analyzer.ReadOnly_ree3 | Generating return summary for slitherConstructorVariables
[INFO] | 2025-11-09 11:12:54 AM | analyzer.ReadOnly_ree3 | Return summary generated for slitherConstructorVariables
[INFO] | 2025-11-09 11:12:54 AM | analyzer.ReadOnly_ree3 | Range graph generated
[INFO] | 2025-11-09 11:12:54 AM | analyzer.ReadOnly_ree3 | Processed function slitherConstructorVariables
[INFO] | 2025-11-09 11:12:54 AM | analyzer.ReadOnly_ree3 | Generating return summary for getUserShare
[INFO] | 2025-11-09 11:12:54 AM | analyzer.ReadOnly_ree3 | Return summary generated for getUserShare
[INFO] | 2025-11-09 11:12:54 AM | analyzer.ReadOnly_ree3 | State variable assignement do not exist
[INFO] | 2025-11-09 11:12:54 AM | analyzer.ReadOnly_ree3 | Processed function getUserShare
[INFO] | 2025-11-09 11:12:54 AM | analyzer.ReadOnly_ree3 | Generating return summary for constructor
[INFO] | 2025-11-09 11:12:54 AM | analyzer.ReadOnly_ree3 | Return summary generated for constructor
[INFO] | 2025-11-09 11:12:54 AM | analyzer.ReadOnly_ree3 | Range graph generated
[INFO] | 2025-11-09 11:12:54 AM | analyzer.ReadOnly_ree3 | Processed function constructor
[INFO] | 2025-11-09 11:12:54 AM | analyzer.ReadOnly_ree3 | Generating return summary for register
[INFO] | 2025-11-09 11:12:54 AM | analyzer.ReadOnly_ree3 | Return summary generated for register
[INFO] | 2025-11-09 11:12:54 AM | analyzer.ReadOnly_ree3 | Range graph generated
[INFO] | 2025-11-09 11:12:54 AM | analyzer.ReadOnly_ree3 | Processed function register
[INFO] | 2025-11-09 11:12:54 AM | analyzer.ReadOnly_ree3 | Generating return summary for onlyOwner
[INFO] | 2025-11-09 11:12:54 AM | analyzer.ReadOnly_ree3 | Return summary generated for onlyOwner
[INFO] | 2025-11-09 11:12:54 AM | analyzer.ReadOnly_ree3 | State variable assignement do not exist
[INFO] | 2025-11-09 11:12:54 AM | analyzer.ReadOnly_ree3 | Processed function onlyOwner
[INFO] | 2025-11-09 11:12:54 AM | analyzer.ReadOnly_ree3 | Generating return summary for updateUserShare
[INFO] | 2025-11-09 11:12:54 AM | analyzer.ReadOnly_ree3 | Return summary generated for updateUserShare
[INFO] | 2025-11-09 11:12:54 AM | analyzer.ReadOnly_ree3 | Range graph generated
[INFO] | 2025-11-09 11:12:54 AM | analyzer.ReadOnly_ree3 | Processed function updateUserShare
[INFO] | 2025-11-09 11:12:54 AM | analyzer.ReadOnly_ree3 | Generating return summary for withdraw
[INFO] | 2025-11-09 11:12:54 AM | analyzer.ReadOnly_ree3 | Return summary generated for withdraw
[INFO] | 2025-11-09 11:12:54 AM | analyzer.ReadOnly_ree3 | State variable assignement do not exist
[INFO] | 2025-11-09 11:12:54 AM | analyzer.ReadOnly_ree3 | Processed function withdraw
[INFO] | 2025-11-09 11:12:54 AM | analyzer.ReadOnly_ree3 | Value Range Analysis took 0.013692 seconds
[INFO] | 2025-11-09 11:12:54 AM | analyzer.ReadOnly_ree3 | Value Range Analysis finished
[INFO] | 2025-11-09 11:12:54 AM | analyzer.ReadOnly_ree3 | Storage dependency graph compostion started!
[INFO] | 2025-11-09 11:12:54 AM | analyzer.ReadOnly_ree3 | Storage dependency graph compostion finished!
[INFO] | 2025-11-09 11:12:54 AM | analyzer.ReadOnly_ree3 | Dependency detection started!
[INFO] | 2025-11-09 11:12:54 AM | analyzer.ReadOnly_ree3 | Dependency detection finished!
[INFO] | 2025-11-09 11:12:54 AM | analyzer.ReadOnly_ree3 | Static Analysis took 0.261350 seconds
[INFO] | 2025-11-09 11:12:54 AM | analyzer.ReadOnly_ree3 | Dependency does not exist
[INFO] | 2025-11-09 11:12:54 AM | analyzer.ReadOnly_ree3 | Symbolic execution is not needed!
[INFO] | 2025-11-09 11:12:54 AM | analyzer.ReadOnly_ree3 | Analysis finished!
[INFO] | 2025-11-09 11:12:54 AM | analyzer.ReadOnly_ree3 | Analysis took 0.262320 seconds
[INFO] | 2025-11-09 11:12:54 AM | analyzer.ReadOnly_ree3 | Analysis finished at: 2025-11-09 11:12:54 AM
[36m[#] Analysing started: ReadOnly_ree3.sol[0m
[36m[#] Interprocedural CFG generation started for modifier onlyOwner[0m
[36m[#] Interprocedural CFG generated for modifer onlyOwner[0m
[36m[#] Interprocedural CFG generation started for adjust[0m
[36m[#] Interprocedural CFG generated for adjust[0m
[36m[#] Interprocedural CFG generation started for constructor[0m
[36m[#] Interprocedural CFG generated for constructor[0m
[36m[#] Interprocedural CFG generation started for withdraw[0m
[36m[#] Interprocedural CFG generated for withdraw[0m
[36m[#] Interprocedural CFG generation started for fallback[0m
[36m[#] Interprocedural CFG generated for fallback[0m
[36m[#] Interprocedural CFG generation started for constructor[0m
[36m[#] Interprocedural CFG generated for constructor[0m
[36m[#] Interprocedural CFG generation started for register[0m
[36m[#] Interprocedural CFG generated for register[0m
[36m[#] Interprocedural CFG generation started for updateUserShare[0m
[36m[#] Interprocedural CFG generated for updateUserShare[0m
[36m[#] Interprocedural CFG generation started for getUserShare[0m
[36m[#] Interprocedural CFG generated for getUserShare[0m
[36m[#] SDG generation started for adjust[0m
[36m[#] SDG generated for adjust[0m
[36m[#] SDG generation started for constructor[0m
[36m[#] SDG generated for constructor[0m
[36m[#] SDG generation started for withdraw[0m
[36m[#] SDG generated for withdraw[0m
[36m[#] SDG generation started for fallback[0m
[36m[#] SDG generated for fallback[0m
[36m[#] SDG generation started for constructor[0m
[36m[#] SDG generated for constructor[0m
[36m[#] SDG generation started for register[0m
[36m[#] SDG generated for register[0m
[36m[#] SDG generation started for updateUserShare[0m
[36m[#] SDG generated for updateUserShare[0m
[36m[#] SDG generation started for getUserShare[0m
[36m[#] SDG generated for getUserShare[0m
[36m[#] SDG generation started for modifier onlyOwner[0m
[36m[#] SDG generated for modifier onlyOwner[0m
[36m[#] Analysis took 0.262320 seconds[0m
[36m[#] Analysis completed: ReadOnly_ree3.sol [0m
