PROJECT_DIR: /mnt/c/Users/spano/Documents/GitHub/manually-verified-reentrancy-dataset/dataset/handcrafted/0_4/cross-contract/access-control/temporal
CONTRACT: /mnt/c/Users/spano/Documents/GitHub/manually-verified-reentrancy-dataset/dataset/handcrafted/0_4/cross-contract/access-control/temporal/TemporalLocker_safe1.sol
IMAGE: holmessherlock/sailfish:latest
COMMAND: docker run --rm --platform linux/amd64 -v /mnt/c/Users/spano/Documents/GitHub/manually-verified-reentrancy-dataset/dataset/handcrafted/0_4/cross-contract/access-control/temporal:/workspace -v /mnt/c/Users/spano/Documents/GitHub/manually-verified-reentrancy-dataset/tools_analysis/non_smartbugs/sailfish/caz/temporal/TemporalLocker_safe1:/out -w / --entrypoint /bin/bash holmessherlock/sailfish:latest -lc '\
set -Eeuo pipefail

# 1) Locate Sailfish
SCRIPT=""
for p in /sailfish/code/static_analysis/analysis/contractlint.py \
         /root/sailfish/code/static_analysis/analysis/contractlint.py \
         /opt/sailfish/code/static_analysis/analysis/contractlint.py; do
  [ -f "$p" ] && SCRIPT="$p" && break
done
[ -z "$SCRIPT" ] && echo "ERROR: contractlint.py not found" >&2 && exit 2

# 2) Find python
PYBIN="python3"; command -v python3 >/dev/null 2>&1 || PYBIN="python"

# 3) Run Sailfish from its directory
SRCDIR="$(dirname "$SCRIPT")"
cd "$SRCDIR"
export PYTHONPATH="${SRCDIR}:${PYTHONPATH-}"

# 4) Execute analysis
set +e
$PYBIN contractlint.py \
  -c /workspace/TemporalLocker_safe1.sol \
  -o /out \
  -r range \
  -p DAO,TOD \
  -sv cvc4 \
  -oo 2>&1 | tee /tmp/sf.out
RC=${PIPESTATUS[0]}
set -e
exit $RC
'
MODE: range
POLICIES: DAO,TOD
SOLVER: cvc4
OUT_SUBDIR: /mnt/c/Users/spano/Documents/GitHub/manually-verified-reentrancy-dataset/tools_analysis/non_smartbugs/sailfish/caz/temporal/TemporalLocker_safe1
STATUS: success
RETURN_CODE: 0
ELAPSED_SECONDS: 4.51
PRAGMA_SPECS: ^0.4.24

=== CONTAINER OUTPUT ===
mesg: ttyname failed: Inappropriate ioctl for device
[INFO] | 2025-11-09 11:12:44 AM | analyzer.TemporalLocker_safe1 | Analysis started at: 2025-11-09 11:12:44 AM
[INFO] | 2025-11-09 11:12:44 AM | analyzer.TemporalLocker_safe1 | Version constraints: ['^0.4.24']
[INFO] | 2025-11-09 11:12:44 AM | analyzer.TemporalLocker_safe1 | solc version: v0.4.24
[INFO] | 2025-11-09 11:12:45 AM | analyzer.TemporalLocker_safe1 | Callgraph generation started!
[INFO] | 2025-11-09 11:12:45 AM | analyzer.TemporalLocker_safe1 | Callgraph generation finished!
[INFO] | 2025-11-09 11:12:45 AM | analyzer.TemporalLocker_safe1 | Interprocedural CFG generation started!
[INFO] | 2025-11-09 11:12:45 AM | analyzer.TemporalLocker_safe1 | Interprocedural CFG generation finished!
[INFO] | 2025-11-09 11:12:45 AM | analyzer.TemporalLocker_safe1 | Storage dependency graph generation started!
[INFO] | 2025-11-09 11:12:45 AM | analyzer.TemporalLocker_safe1 | Storage dependency graph generation finished!
[INFO] | 2025-11-09 11:12:45 AM | analyzer.TemporalLocker_safe1 | Value Range Analysis started
[INFO] | 2025-11-09 11:12:45 AM | analyzer.TemporalLocker_safe1 | Generating return summary for safeTransfer
[INFO] | 2025-11-09 11:12:45 AM | analyzer.TemporalLocker_safe1 | Return summary generated for safeTransfer
[INFO] | 2025-11-09 11:12:45 AM | analyzer.TemporalLocker_safe1 | State variable assignement do not exist
[INFO] | 2025-11-09 11:12:45 AM | analyzer.TemporalLocker_safe1 | Processed function safeTransfer
[INFO] | 2025-11-09 11:12:45 AM | analyzer.TemporalLocker_safe1 | Generating return summary for safeTransferFrom
[INFO] | 2025-11-09 11:12:45 AM | analyzer.TemporalLocker_safe1 | Return summary generated for safeTransferFrom
[INFO] | 2025-11-09 11:12:45 AM | analyzer.TemporalLocker_safe1 | State variable assignement do not exist
[INFO] | 2025-11-09 11:12:45 AM | analyzer.TemporalLocker_safe1 | Processed function safeTransferFrom
[INFO] | 2025-11-09 11:12:45 AM | analyzer.TemporalLocker_safe1 | Generating return summary for balanceOf
[INFO] | 2025-11-09 11:12:45 AM | analyzer.TemporalLocker_safe1 | Return summary generated for balanceOf
[INFO] | 2025-11-09 11:12:45 AM | analyzer.TemporalLocker_safe1 | State variable assignement do not exist
[INFO] | 2025-11-09 11:12:45 AM | analyzer.TemporalLocker_safe1 | Processed function balanceOf
[INFO] | 2025-11-09 11:12:45 AM | analyzer.TemporalLocker_safe1 | Generating return summary for withdrawFee
[INFO] | 2025-11-09 11:12:45 AM | analyzer.TemporalLocker_safe1 | Return summary generated for withdrawFee
[INFO] | 2025-11-09 11:12:45 AM | analyzer.TemporalLocker_safe1 | State variable assignement do not exist
[INFO] | 2025-11-09 11:12:45 AM | analyzer.TemporalLocker_safe1 | Processed function withdrawFee
[INFO] | 2025-11-09 11:12:45 AM | analyzer.TemporalLocker_safe1 | Generating return summary for constructor
[INFO] | 2025-11-09 11:12:45 AM | analyzer.TemporalLocker_safe1 | Return summary generated for constructor
[INFO] | 2025-11-09 11:12:45 AM | analyzer.TemporalLocker_safe1 | Range graph generated
[INFO] | 2025-11-09 11:12:45 AM | analyzer.TemporalLocker_safe1 | Processed function constructor
[INFO] | 2025-11-09 11:12:45 AM | analyzer.TemporalLocker_safe1 | Generating return summary for nonReentrant
[INFO] | 2025-11-09 11:12:45 AM | analyzer.TemporalLocker_safe1 | Return summary generated for nonReentrant
[INFO] | 2025-11-09 11:12:45 AM | analyzer.TemporalLocker_safe1 | Range graph generated
[INFO] | 2025-11-09 11:12:45 AM | analyzer.TemporalLocker_safe1 | Processed function nonReentrant
[INFO] | 2025-11-09 11:12:45 AM | analyzer.TemporalLocker_safe1 | Generating return summary for deposit
[INFO] | 2025-11-09 11:12:45 AM | analyzer.TemporalLocker_safe1 | Return summary generated for deposit
[INFO] | 2025-11-09 11:12:45 AM | analyzer.TemporalLocker_safe1 | Range graph generated
[INFO] | 2025-11-09 11:12:45 AM | analyzer.TemporalLocker_safe1 | Processed function deposit
[INFO] | 2025-11-09 11:12:45 AM | analyzer.TemporalLocker_safe1 | Generating return summary for withdraw
[INFO] | 2025-11-09 11:12:45 AM | analyzer.TemporalLocker_safe1 | Return summary generated for withdraw
[INFO] | 2025-11-09 11:12:45 AM | analyzer.TemporalLocker_safe1 | Range graph generated
[INFO] | 2025-11-09 11:12:45 AM | analyzer.TemporalLocker_safe1 | Processed function withdraw
[INFO] | 2025-11-09 11:12:45 AM | analyzer.TemporalLocker_safe1 | Generating return summary for collectFees
[INFO] | 2025-11-09 11:12:45 AM | analyzer.TemporalLocker_safe1 | Return summary generated for collectFees
[INFO] | 2025-11-09 11:12:45 AM | analyzer.TemporalLocker_safe1 | Range graph generated
[INFO] | 2025-11-09 11:12:45 AM | analyzer.TemporalLocker_safe1 | Processed function collectFees
[INFO] | 2025-11-09 11:12:45 AM | analyzer.TemporalLocker_safe1 | Value Range Analysis took 0.016980 seconds
[INFO] | 2025-11-09 11:12:45 AM | analyzer.TemporalLocker_safe1 | Value Range Analysis finished
[INFO] | 2025-11-09 11:12:45 AM | analyzer.TemporalLocker_safe1 | Storage dependency graph compostion started!
[INFO] | 2025-11-09 11:12:45 AM | analyzer.TemporalLocker_safe1 | Storage dependency graph compostion finished!
[INFO] | 2025-11-09 11:12:45 AM | analyzer.TemporalLocker_safe1 | Dependency detection started!
[INFO] | 2025-11-09 11:12:45 AM | analyzer.TemporalLocker_safe1 | DAO dependency detected in file TemporalLocker_safe1.sol in contract TemporalLocker_safe1 in by composing functions deposit and deposit
[INFO] | 2025-11-09 11:12:45 AM | analyzer.TemporalLocker_safe1 | DAO dependency detected in file TemporalLocker_safe1.sol in contract TemporalLocker_safe1 in by composing functions deposit and withdraw
[INFO] | 2025-11-09 11:12:45 AM | analyzer.TemporalLocker_safe1 | DAO dependency detected in file TemporalLocker_safe1.sol in contract TemporalLocker_safe1 in by composing functions deposit and collectFees
[INFO] | 2025-11-09 11:12:45 AM | analyzer.TemporalLocker_safe1 | DAO dependency detected in file TemporalLocker_safe1.sol in contract TemporalLocker_safe1 in by composing functions withdraw and deposit
[INFO] | 2025-11-09 11:12:45 AM | analyzer.TemporalLocker_safe1 | DAO dependency detected in file TemporalLocker_safe1.sol in contract TemporalLocker_safe1 in by composing functions withdraw and withdraw
[INFO] | 2025-11-09 11:12:45 AM | analyzer.TemporalLocker_safe1 | DAO dependency detected in file TemporalLocker_safe1.sol in contract TemporalLocker_safe1 in by composing functions withdraw and collectFees
[INFO] | 2025-11-09 11:12:45 AM | analyzer.TemporalLocker_safe1 | DAO dependency detected in file TemporalLocker_safe1.sol in contract TemporalLocker_safe1 in by composing functions collectFees and deposit
[INFO] | 2025-11-09 11:12:45 AM | analyzer.TemporalLocker_safe1 | DAO dependency detected in file TemporalLocker_safe1.sol in contract TemporalLocker_safe1 in by composing functions collectFees and deposit
[INFO] | 2025-11-09 11:12:45 AM | analyzer.TemporalLocker_safe1 | DAO dependency detected in file TemporalLocker_safe1.sol in contract TemporalLocker_safe1 in by composing functions collectFees and deposit
[INFO] | 2025-11-09 11:12:45 AM | analyzer.TemporalLocker_safe1 | DAO dependency detected in file TemporalLocker_safe1.sol in contract TemporalLocker_safe1 in by composing functions collectFees and withdraw
[INFO] | 2025-11-09 11:12:45 AM | analyzer.TemporalLocker_safe1 | DAO dependency detected in file TemporalLocker_safe1.sol in contract TemporalLocker_safe1 in by composing functions collectFees and withdraw
[INFO] | 2025-11-09 11:12:45 AM | analyzer.TemporalLocker_safe1 | DAO dependency detected in file TemporalLocker_safe1.sol in contract TemporalLocker_safe1 in by composing functions collectFees and withdraw
[INFO] | 2025-11-09 11:12:45 AM | analyzer.TemporalLocker_safe1 | DAO dependency detected in file TemporalLocker_safe1.sol in contract TemporalLocker_safe1 in by composing functions collectFees and collectFees
[INFO] | 2025-11-09 11:12:45 AM | analyzer.TemporalLocker_safe1 | DAO dependency detected in file TemporalLocker_safe1.sol in contract TemporalLocker_safe1 in by composing functions collectFees and collectFees
[INFO] | 2025-11-09 11:12:45 AM | analyzer.TemporalLocker_safe1 | DAO dependency detected in file TemporalLocker_safe1.sol in contract TemporalLocker_safe1 in by composing functions collectFees and collectFees
[INFO] | 2025-11-09 11:12:45 AM | analyzer.TemporalLocker_safe1 | Dependency detection finished!
[INFO] | 2025-11-09 11:12:45 AM | analyzer.TemporalLocker_safe1 | Static Analysis took 0.650844 seconds
[INFO] | 2025-11-09 11:12:45 AM | analyzer.TemporalLocker_safe1 | Dependency exists
[INFO] | 2025-11-09 11:12:45 AM | analyzer.TemporalLocker_safe1 | Invoking symbolic executor!
[36m[#] Analysing started: TemporalLocker_safe1.sol[0m
[36m[#] Interprocedural CFG generation started for modifier nonReentrant[0m
[36m[#] Interprocedural CFG generated for modifer nonReentrant[0m
[36m[#] Interprocedural CFG generation started for safeTransfer[0m
[36m[#] Interprocedural CFG generated for safeTransfer[0m
[36m[#] Interprocedural CFG generation started for safeTransferFrom[0m
[36m[#] Interprocedural CFG generated for safeTransferFrom[0m
[36m[#] Interprocedural CFG generation started for balanceOf[0m
[36m[#] Interprocedural CFG generated for balanceOf[0m
[36m[#] Interprocedural CFG generation started for withdrawFee[0m
[36m[#] Interprocedural CFG generated for withdrawFee[0m
[36m[#] Interprocedural CFG generation started for constructor[0m
[36m[#] Interprocedural CFG generated for constructor[0m
[36m[#] Interprocedural CFG generation started for deposit[0m
[36m[#] Interprocedural CFG generated for deposit[0m
[36m[#] Interprocedural CFG generation started for withdraw[0m
[36m[#] Interprocedural CFG generated for withdraw[0m
[36m[#] Interprocedural CFG generation started for collectFees[0m
[36m[#] Interprocedural CFG generated for collectFees[0m
[36m[#] SDG generation started for safeTransfer[0m
[36m[#] SDG generated for safeTransfer[0m
[36m[#] SDG generation started for safeTransferFrom[0m
[36m[#] SDG generated for safeTransferFrom[0m
[36m[#] SDG generation started for balanceOf[0m
[36m[#] SDG generated for balanceOf[0m
[36m[#] SDG generation started for withdrawFee[0m
[36m[#] SDG generated for withdrawFee[0m
[36m[#] SDG generation started for constructor[0m
[36m[#] SDG generated for constructor[0m
[36m[#] SDG generation started for deposit[0m
[36m[#] SDG generated for deposit[0m
[36m[#] SDG generation started for withdraw[0m
[36m[#] SDG generated for withdraw[0m
[36m[#] SDG generation started for collectFees[0m
[36m[#] SDG generated for collectFees[0m
[36m[#] SDG generation started for modifier nonReentrant[0m
[36m[#] SDG generated for modifier nonReentrant[0m
[INFO] | 2025-11-09 11:12:46 AM | analyzer.TemporalLocker_safe1 | Symbolic execution took 1.539737 seconds
[INFO] | 2025-11-09 11:12:46 AM | analyzer.TemporalLocker_safe1 | Symbolic execution finished!
[INFO] | 2025-11-09 11:12:46 AM | analyzer.TemporalLocker_safe1 | Analysis finished!
[INFO] | 2025-11-09 11:12:46 AM | analyzer.TemporalLocker_safe1 | Analysis took 2.192562 seconds
[INFO] | 2025-11-09 11:12:46 AM | analyzer.TemporalLocker_safe1 | Analysis finished at: 2025-11-09 11:12:46 AM
[36m[#] Analysis took 2.192562 seconds[0m
[36m[#] Analysis completed: TemporalLocker_safe1.sol [0m
