PROJECT_DIR: /mnt/c/Users/spano/Documents/GitHub/manually-verified-reentrancy-dataset/dataset/handcrafted/0_4/cross-contract/access-control/temporal
CONTRACT: /mnt/c/Users/spano/Documents/GitHub/manually-verified-reentrancy-dataset/dataset/handcrafted/0_4/cross-contract/access-control/temporal/TemporalVault_safe1.sol
IMAGE: holmessherlock/sailfish:latest
COMMAND: docker run --rm --platform linux/amd64 -v /mnt/c/Users/spano/Documents/GitHub/manually-verified-reentrancy-dataset/dataset/handcrafted/0_4/cross-contract/access-control/temporal:/workspace -v /mnt/c/Users/spano/Documents/GitHub/manually-verified-reentrancy-dataset/tools_analysis/non_smartbugs/sailfish/caz/temporal/TemporalVault_safe1:/out -w / --entrypoint /bin/bash holmessherlock/sailfish:latest -lc '\
set -Eeuo pipefail

# 1) Locate Sailfish
SCRIPT=""
for p in /sailfish/code/static_analysis/analysis/contractlint.py \
         /root/sailfish/code/static_analysis/analysis/contractlint.py \
         /opt/sailfish/code/static_analysis/analysis/contractlint.py; do
  [ -f "$p" ] && SCRIPT="$p" && break
done
[ -z "$SCRIPT" ] && echo "ERROR: contractlint.py not found" >&2 && exit 2

# 2) Find python
PYBIN="python3"; command -v python3 >/dev/null 2>&1 || PYBIN="python"

# 3) Run Sailfish from its directory
SRCDIR="$(dirname "$SCRIPT")"
cd "$SRCDIR"
export PYTHONPATH="${SRCDIR}:${PYTHONPATH-}"

# 4) Execute analysis
set +e
$PYBIN contractlint.py \
  -c /workspace/TemporalVault_safe1.sol \
  -o /out \
  -r range \
  -p DAO,TOD \
  -sv cvc4 \
  -oo 2>&1 | tee /tmp/sf.out
RC=${PIPESTATUS[0]}
set -e
exit $RC
'
MODE: range
POLICIES: DAO,TOD
SOLVER: cvc4
OUT_SUBDIR: /mnt/c/Users/spano/Documents/GitHub/manually-verified-reentrancy-dataset/tools_analysis/non_smartbugs/sailfish/caz/temporal/TemporalVault_safe1
STATUS: success
RETURN_CODE: 0
ELAPSED_SECONDS: 3.86
PRAGMA_SPECS: ^0.4.24

=== CONTAINER OUTPUT ===
mesg: ttyname failed: Inappropriate ioctl for device
[INFO] | 2025-11-09 11:12:48 AM | analyzer.TemporalVault_safe1 | Analysis started at: 2025-11-09 11:12:48 AM
[INFO] | 2025-11-09 11:12:48 AM | analyzer.TemporalVault_safe1 | Version constraints: ['^0.4.24']
[INFO] | 2025-11-09 11:12:48 AM | analyzer.TemporalVault_safe1 | solc version: v0.4.24
[INFO] | 2025-11-09 11:12:48 AM | analyzer.TemporalVault_safe1 | Callgraph generation started!
[INFO] | 2025-11-09 11:12:48 AM | analyzer.TemporalVault_safe1 | Callgraph generation finished!
[INFO] | 2025-11-09 11:12:48 AM | analyzer.TemporalVault_safe1 | Interprocedural CFG generation started!
[INFO] | 2025-11-09 11:12:48 AM | analyzer.TemporalVault_safe1 | Interprocedural CFG generation finished!
[INFO] | 2025-11-09 11:12:48 AM | analyzer.TemporalVault_safe1 | Storage dependency graph generation started!
[INFO] | 2025-11-09 11:12:48 AM | analyzer.TemporalVault_safe1 | Storage dependency graph generation finished!
[INFO] | 2025-11-09 11:12:48 AM | analyzer.TemporalVault_safe1 | Value Range Analysis started
[INFO] | 2025-11-09 11:12:48 AM | analyzer.TemporalVault_safe1 | Generating return summary for constructor
[INFO] | 2025-11-09 11:12:48 AM | analyzer.TemporalVault_safe1 | Return summary generated for constructor
[INFO] | 2025-11-09 11:12:48 AM | analyzer.TemporalVault_safe1 | Range graph generated
[INFO] | 2025-11-09 11:12:48 AM | analyzer.TemporalVault_safe1 | Processed function constructor
[INFO] | 2025-11-09 11:12:48 AM | analyzer.TemporalVault_safe1 | Generating return summary for slitherConstructorVariables
[INFO] | 2025-11-09 11:12:48 AM | analyzer.TemporalVault_safe1 | Return summary generated for slitherConstructorVariables
[INFO] | 2025-11-09 11:12:48 AM | analyzer.TemporalVault_safe1 | Range graph generated
[INFO] | 2025-11-09 11:12:48 AM | analyzer.TemporalVault_safe1 | Processed function slitherConstructorVariables
[INFO] | 2025-11-09 11:12:48 AM | analyzer.TemporalVault_safe1 | Generating return summary for nonReentrant
[INFO] | 2025-11-09 11:12:48 AM | analyzer.TemporalVault_safe1 | Return summary generated for nonReentrant
[INFO] | 2025-11-09 11:12:48 AM | analyzer.TemporalVault_safe1 | Range graph generated
[INFO] | 2025-11-09 11:12:48 AM | analyzer.TemporalVault_safe1 | Processed function nonReentrant
[INFO] | 2025-11-09 11:12:48 AM | analyzer.TemporalVault_safe1 | Generating return summary for takeAll
[INFO] | 2025-11-09 11:12:48 AM | analyzer.TemporalVault_safe1 | Return summary generated for takeAll
[INFO] | 2025-11-09 11:12:48 AM | analyzer.TemporalVault_safe1 | Range graph generated
[INFO] | 2025-11-09 11:12:48 AM | analyzer.TemporalVault_safe1 | Processed function takeAll
[INFO] | 2025-11-09 11:12:48 AM | analyzer.TemporalVault_safe1 | Generating return summary for increase
[INFO] | 2025-11-09 11:12:48 AM | analyzer.TemporalVault_safe1 | Return summary generated for increase
[INFO] | 2025-11-09 11:12:48 AM | analyzer.TemporalVault_safe1 | Range graph generated
[INFO] | 2025-11-09 11:12:48 AM | analyzer.TemporalVault_safe1 | Processed function increase
[INFO] | 2025-11-09 11:12:48 AM | analyzer.TemporalVault_safe1 | Generating return summary for setAdmin
[INFO] | 2025-11-09 11:12:48 AM | analyzer.TemporalVault_safe1 | Return summary generated for setAdmin
[INFO] | 2025-11-09 11:12:48 AM | analyzer.TemporalVault_safe1 | Range graph generated
[INFO] | 2025-11-09 11:12:48 AM | analyzer.TemporalVault_safe1 | Processed function setAdmin
[INFO] | 2025-11-09 11:12:48 AM | analyzer.TemporalVault_safe1 | Generating return summary for onlyAdmin
[INFO] | 2025-11-09 11:12:48 AM | analyzer.TemporalVault_safe1 | Return summary generated for onlyAdmin
[INFO] | 2025-11-09 11:12:48 AM | analyzer.TemporalVault_safe1 | State variable assignement do not exist
[INFO] | 2025-11-09 11:12:48 AM | analyzer.TemporalVault_safe1 | Processed function onlyAdmin
[INFO] | 2025-11-09 11:12:48 AM | analyzer.TemporalVault_safe1 | Generating return summary for setEnabled
[INFO] | 2025-11-09 11:12:48 AM | analyzer.TemporalVault_safe1 | Return summary generated for setEnabled
[INFO] | 2025-11-09 11:12:48 AM | analyzer.TemporalVault_safe1 | Range graph generated
[INFO] | 2025-11-09 11:12:48 AM | analyzer.TemporalVault_safe1 | Processed function setEnabled
[INFO] | 2025-11-09 11:12:48 AM | analyzer.TemporalVault_safe1 | Generating return summary for redeem
[INFO] | 2025-11-09 11:12:48 AM | analyzer.TemporalVault_safe1 | Return summary generated for redeem
[INFO] | 2025-11-09 11:12:48 AM | analyzer.TemporalVault_safe1 | Range graph generated
[INFO] | 2025-11-09 11:12:48 AM | analyzer.TemporalVault_safe1 | Processed function redeem
[INFO] | 2025-11-09 11:12:48 AM | analyzer.TemporalVault_safe1 | Generating return summary for fallback
[INFO] | 2025-11-09 11:12:48 AM | analyzer.TemporalVault_safe1 | Return summary generated for fallback
[INFO] | 2025-11-09 11:12:48 AM | analyzer.TemporalVault_safe1 | Range graph generated
[INFO] | 2025-11-09 11:12:48 AM | analyzer.TemporalVault_safe1 | Processed function fallback
[INFO] | 2025-11-09 11:12:48 AM | analyzer.TemporalVault_safe1 | Value Range Analysis took 0.014117 seconds
[INFO] | 2025-11-09 11:12:48 AM | analyzer.TemporalVault_safe1 | Value Range Analysis finished
[INFO] | 2025-11-09 11:12:48 AM | analyzer.TemporalVault_safe1 | Storage dependency graph compostion started!
[INFO] | 2025-11-09 11:12:48 AM | analyzer.TemporalVault_safe1 | Storage dependency graph compostion finished!
[INFO] | 2025-11-09 11:12:48 AM | analyzer.TemporalVault_safe1 | Dependency detection started!
[INFO] | 2025-11-09 11:12:49 AM | analyzer.TemporalVault_safe1 | DAO dependency detected in file TemporalVault_safe1.sol in contract TemporalVault_safe1 in by composing functions redeem and redeem
[INFO] | 2025-11-09 11:12:49 AM | analyzer.TemporalVault_safe1 | TOD dependency detected in file TemporalVault_safe1.sol in contract TemporalVault_safe1 in by composing functions redeem and redeem
[INFO] | 2025-11-09 11:12:49 AM | analyzer.TemporalVault_safe1 | Dependency detection finished!
[INFO] | 2025-11-09 11:12:49 AM | analyzer.TemporalVault_safe1 | Static Analysis took 0.343200 seconds
[INFO] | 2025-11-09 11:12:49 AM | analyzer.TemporalVault_safe1 | Dependency exists
[INFO] | 2025-11-09 11:12:49 AM | analyzer.TemporalVault_safe1 | Invoking symbolic executor!
[36m[#] Analysing started: TemporalVault_safe1.sol[0m
[36m[#] Interprocedural CFG generation started for modifier nonReentrant[0m
[36m[#] Interprocedural CFG generated for modifer nonReentrant[0m
[36m[#] Interprocedural CFG generation started for modifier onlyAdmin[0m
[36m[#] Interprocedural CFG generated for modifer onlyAdmin[0m
[36m[#] Interprocedural CFG generation started for constructor[0m
[36m[#] Interprocedural CFG generated for constructor[0m
[36m[#] Interprocedural CFG generation started for redeem[0m
[36m[#] Interprocedural CFG generated for redeem[0m
[36m[#] Interprocedural CFG generation started for fallback[0m
[36m[#] Interprocedural CFG generated for fallback[0m
[36m[#] Interprocedural CFG generation started for setAdmin[0m
[36m[#] Interprocedural CFG generated for setAdmin[0m
[36m[#] Interprocedural CFG generation started for setEnabled[0m
[36m[#] Interprocedural CFG generated for setEnabled[0m
[36m[#] Interprocedural CFG generation started for increase[0m
[36m[#] Interprocedural CFG generated for increase[0m
[36m[#] Interprocedural CFG generation started for takeAll[0m
[36m[#] Interprocedural CFG generated for takeAll[0m
[36m[#] SDG generation started for constructor[0m
[36m[#] SDG generated for constructor[0m
[36m[#] SDG generation started for redeem[0m
[36m[#] SDG generated for redeem[0m
[36m[#] SDG generation started for fallback[0m
[36m[#] SDG generated for fallback[0m
[36m[#] SDG generation started for modifier nonReentrant[0m
[36m[#] SDG generated for modifier nonReentrant[0m
[36m[#] SDG generation started for setAdmin[0m
[36m[#] SDG generated for setAdmin[0m
[36m[#] SDG generation started for setEnabled[0m
[36m[#] SDG generated for setEnabled[0m
[36m[#] SDG generation started for increase[0m
[36m[#] SDG generated for increase[0m
[36m[#] SDG generation started for takeAll[0m
[36m[#] SDG generated for takeAll[0m
[36m[#] SDG generation started for modifier onlyAdmin[0m
[36m[#] SDG generated for modifier onlyAdmin[0m
[INFO] | 2025-11-09 11:12:50 AM | analyzer.TemporalVault_safe1 | Symbolic execution took 1.266916 seconds
[INFO] | 2025-11-09 11:12:50 AM | analyzer.TemporalVault_safe1 | Symbolic execution finished!
[INFO] | 2025-11-09 11:12:50 AM | analyzer.TemporalVault_safe1 | Analysis finished!
[INFO] | 2025-11-09 11:12:50 AM | analyzer.TemporalVault_safe1 | Analysis took 1.615262 seconds
[INFO] | 2025-11-09 11:12:50 AM | analyzer.TemporalVault_safe1 | Analysis finished at: 2025-11-09 11:12:50 AM
[36m[#] Analysis took 1.615262 seconds[0m
[36m[#] Analysis completed: TemporalVault_safe1.sol [0m
